
===========================================================================
report_checks -path_delay min (Hold)
============================================================================
Startpoint: _250_ (rising edge-triggered flip-flop)
Endpoint: Out_Data[3] (output port clocked by clk)
Path Group: clk
Path Type: min

Fanout     Cap    Slew   Delay    Time   Description
-----------------------------------------------------------------------------
                  0.23    0.00    0.00 ^ _250_/CLK (sky130_fd_sc_hd__dfrtp_2)
                  0.09    0.42    0.42 ^ _250_/Q (sky130_fd_sc_hd__dfrtp_2)
     2    0.01                           u5.Data3[2] (net)
                  0.09    0.01    0.42 ^ _241_/A (sky130_fd_sc_hd__nand2_2)
                  0.04    0.05    0.47 v _241_/Y (sky130_fd_sc_hd__nand2_2)
     2    0.00                           _069_ (net)
                  0.04    0.00    0.48 v _243_/B1 (sky130_fd_sc_hd__o211a_2)
                  0.10    0.18    0.65 v _243_/X (sky130_fd_sc_hd__o211a_2)
     1    0.03                           Out_Data[3] (net)
                  0.10    0.00    0.65 v Out_Data[3] (out)
                                  0.65   data arrival time

                  0.00    0.00    0.00   clock clk (rise edge)
                          0.00    0.00   clock network delay (ideal)
                          0.25    0.25   clock uncertainty
                          0.00    0.25   clock reconvergence pessimism
                        -20.00  -19.75   output external delay
                                -19.75   data required time
-----------------------------------------------------------------------------
                                -19.75   data required time
                                 -0.65   data arrival time
-----------------------------------------------------------------------------
                                 20.40   slack (MET)


Startpoint: _250_ (rising edge-triggered flip-flop)
Endpoint: Out_Data[4] (output port clocked by clk)
Path Group: clk
Path Type: min

Fanout     Cap    Slew   Delay    Time   Description
-----------------------------------------------------------------------------
                  0.23    0.00    0.00 ^ _250_/CLK (sky130_fd_sc_hd__dfrtp_2)
                  0.09    0.42    0.42 ^ _250_/Q (sky130_fd_sc_hd__dfrtp_2)
     2    0.01                           u5.Data3[2] (net)
                  0.09    0.01    0.42 ^ _241_/A (sky130_fd_sc_hd__nand2_2)
                  0.04    0.05    0.47 v _241_/Y (sky130_fd_sc_hd__nand2_2)
     2    0.00                           _069_ (net)
                  0.04    0.00    0.48 v _244_/B1 (sky130_fd_sc_hd__o211a_2)
                  0.10    0.18    0.65 v _244_/X (sky130_fd_sc_hd__o211a_2)
     1    0.03                           Out_Data[4] (net)
                  0.10    0.00    0.65 v Out_Data[4] (out)
                                  0.65   data arrival time

                  0.00    0.00    0.00   clock clk (rise edge)
                          0.00    0.00   clock network delay (ideal)
                          0.25    0.25   clock uncertainty
                          0.00    0.25   clock reconvergence pessimism
                        -20.00  -19.75   output external delay
                                -19.75   data required time
-----------------------------------------------------------------------------
                                -19.75   data required time
                                 -0.65   data arrival time
-----------------------------------------------------------------------------
                                 20.40   slack (MET)


Startpoint: _248_ (rising edge-triggered flip-flop)
Endpoint: Out_Data[1] (output port clocked by clk)
Path Group: clk
Path Type: min

Fanout     Cap    Slew   Delay    Time   Description
-----------------------------------------------------------------------------
                  0.23    0.00    0.00 ^ _248_/CLK (sky130_fd_sc_hd__dfrtp_2)
                  0.12    0.44    0.44 ^ _248_/Q (sky130_fd_sc_hd__dfrtp_2)
     4    0.02                           u5.Data3[0] (net)
                  0.12    0.01    0.45 ^ _226_/A (sky130_fd_sc_hd__xnor2_2)
                  0.06    0.10    0.55 v _226_/Y (sky130_fd_sc_hd__xnor2_2)
     3    0.01                           _056_ (net)
                  0.06    0.01    0.55 v _227_/B (sky130_fd_sc_hd__nand2_2)
                  0.07    0.08    0.63 ^ _227_/Y (sky130_fd_sc_hd__nand2_2)
     2    0.01                           _057_ (net)
                  0.07    0.01    0.65 ^ _233_/A (sky130_fd_sc_hd__xnor2_2)
                  0.18    0.14    0.79 v _233_/Y (sky130_fd_sc_hd__xnor2_2)
     1    0.03                           Out_Data[1] (net)
                  0.18    0.00    0.79 v Out_Data[1] (out)
                                  0.79   data arrival time

                  0.00    0.00    0.00   clock clk (rise edge)
                          0.00    0.00   clock network delay (ideal)
                          0.25    0.25   clock uncertainty
                          0.00    0.25   clock reconvergence pessimism
                        -20.00  -19.75   output external delay
                                -19.75   data required time
-----------------------------------------------------------------------------
                                -19.75   data required time
                                 -0.79   data arrival time
-----------------------------------------------------------------------------
                                 20.54   slack (MET)


Startpoint: _249_ (rising edge-triggered flip-flop)
Endpoint: Out_Data[2] (output port clocked by clk)
Path Group: clk
Path Type: min

Fanout     Cap    Slew   Delay    Time   Description
-----------------------------------------------------------------------------
                  0.23    0.00    0.00 ^ _249_/CLK (sky130_fd_sc_hd__dfrtp_2)
                  0.05    0.39    0.39 ^ _249_/Q (sky130_fd_sc_hd__dfrtp_2)
     2    0.01                           u5.Data3[1] (net)
                  0.06    0.01    0.39 ^ _228_/B1 (sky130_fd_sc_hd__a21oi_2)
                  0.05    0.06    0.45 v _228_/Y (sky130_fd_sc_hd__a21oi_2)
     6    0.02                           _058_ (net)
                  0.06    0.00    0.46 v _236_/A (sky130_fd_sc_hd__nor2_2)
                  0.14    0.14    0.60 ^ _236_/Y (sky130_fd_sc_hd__nor2_2)
     3    0.01                           _065_ (net)
                  0.14    0.01    0.61 ^ _237_/B (sky130_fd_sc_hd__nor2_2)
                  0.03    0.06    0.66 v _237_/Y (sky130_fd_sc_hd__nor2_2)
     1    0.01                           _066_ (net)
                  0.04    0.01    0.68 v _240_/A (sky130_fd_sc_hd__xnor2_2)
                  0.18    0.20    0.88 v _240_/Y (sky130_fd_sc_hd__xnor2_2)
     1    0.03                           Out_Data[2] (net)
                  0.18    0.00    0.88 v Out_Data[2] (out)
                                  0.88   data arrival time

                  0.00    0.00    0.00   clock clk (rise edge)
                          0.00    0.00   clock network delay (ideal)
                          0.25    0.25   clock uncertainty
                          0.00    0.25   clock reconvergence pessimism
                        -20.00  -19.75   output external delay
                                -19.75   data required time
-----------------------------------------------------------------------------
                                -19.75   data required time
                                 -0.88   data arrival time
-----------------------------------------------------------------------------
                                 20.63   slack (MET)


Startpoint: _248_ (rising edge-triggered flip-flop)
Endpoint: Out_Data[0] (output port clocked by clk)
Path Group: clk
Path Type: min

Fanout     Cap    Slew   Delay    Time   Description
-----------------------------------------------------------------------------
                  0.23    0.00    0.00 ^ _248_/CLK (sky130_fd_sc_hd__dfrtp_2)
                  0.12    0.44    0.44 ^ _248_/Q (sky130_fd_sc_hd__dfrtp_2)
     4    0.02                           u5.Data3[0] (net)
                  0.12    0.01    0.45 ^ _226_/A (sky130_fd_sc_hd__xnor2_2)
                  0.07    0.14    0.59 ^ _226_/Y (sky130_fd_sc_hd__xnor2_2)
     3    0.01                           _056_ (net)
                  0.07    0.01    0.60 ^ _227_/B (sky130_fd_sc_hd__nand2_2)
                  0.05    0.06    0.66 v _227_/Y (sky130_fd_sc_hd__nand2_2)
     2    0.01                           _057_ (net)
                  0.05    0.00    0.66 v _246_/A (sky130_fd_sc_hd__and2_2)
                  0.03    0.15    0.81 v _246_/X (sky130_fd_sc_hd__and2_2)
     1    0.00                           _072_ (net)
                  0.03    0.00    0.82 v _247_/A (sky130_fd_sc_hd__buf_1)
                  0.23    0.19    1.01 v _247_/X (sky130_fd_sc_hd__buf_1)
     1    0.03                           Out_Data[0] (net)
                  0.23    0.00    1.01 v Out_Data[0] (out)
                                  1.01   data arrival time

                  0.00    0.00    0.00   clock clk (rise edge)
                          0.00    0.00   clock network delay (ideal)
                          0.25    0.25   clock uncertainty
                          0.00    0.25   clock reconvergence pessimism
                        -20.00  -19.75   output external delay
                                -19.75   data required time
-----------------------------------------------------------------------------
                                -19.75   data required time
                                 -1.01   data arrival time
-----------------------------------------------------------------------------
                                 20.76   slack (MET)


