Instance name,  X location,  Y location,  Voltage 
FILLER_39_217, 103.73, 116.96, 1.8
FILLER_40_221, 103.73, 116.96, 1.8
FILLER_37_217, 103.73, 111.52, 1.8
FILLER_35_217, 103.73, 106.08, 1.8
FILLER_33_217, 103.73, 100.64, 1.8
FILLER_31_217, 103.73, 95.2, 1.8
FILLER_29_217, 103.73, 89.76, 1.8
FILLER_27_217, 103.73, 84.32, 1.8
FILLER_25_217, 103.73, 78.88, 1.8
FILLER_23_217, 103.73, 73.44, 1.8
FILLER_21_218, 103.73, 68, 1.8
FILLER_18_213, 103.73, 62.56, 1.8
FILLER_19_217, 103.73, 62.56, 1.8
_188_, 103.73, 62.56, 1.8
_118_, 103.73, 57.12, 1.8
_265_, 103.73, 57.12, 1.8
FILLER_15_217, 103.73, 51.68, 1.8
FILLER_12_209, 103.73, 46.24, 1.8
FILLER_13_217, 103.73, 46.24, 1.8
_170_, 103.73, 46.24, 1.8
FILLER_10_209, 103.73, 40.8, 1.8
FILLER_11_207, 103.73, 40.8, 1.8
FILLER_12_215, 103.73, 40.8, 1.8
_169_, 103.73, 40.8, 1.8
_258_, 103.73, 40.8, 1.8
FILLER_8_204, 103.73, 35.36, 1.8
FILLER_9_218, 103.73, 35.36, 1.8
_139_, 103.73, 35.36, 1.8
FILLER_6_209, 103.73, 29.92, 1.8
FILLER_7_210, 103.73, 29.92, 1.8
FILLER_7_219, 103.73, 29.92, 1.8
_191_, 103.73, 29.92, 1.8
_221_, 103.73, 29.92, 1.8
_222_, 103.73, 29.92, 1.8
_195_, 103.73, 24.48, 1.8
_251_, 103.73, 24.48, 1.8
FILLER_3_213, 103.73, 19.04, 1.8
FILLER_3_221, 103.73, 19.04, 1.8
FILLER_4_221, 103.73, 19.04, 1.8
_193_, 103.73, 19.04, 1.8
FILLER_0_221, 103.73, 13.6, 1.8
FILLER_1_205, 103.73, 13.6, 1.8
FILLER_1_215, 103.73, 13.6, 1.8
_194_, 103.73, 13.6, 1.8
FILLER_39_161, 75.67, 116.96, 1.8
FILLER_37_161, 75.67, 111.52, 1.8
FILLER_35_161, 75.67, 106.08, 1.8
FILLER_33_161, 75.67, 100.64, 1.8
FILLER_31_157, 75.67, 95.2, 1.8
FILLER_29_145, 75.67, 89.76, 1.8
_183_, 75.67, 89.76, 1.8
_185_, 75.67, 89.76, 1.8
FILLER_27_143, 75.67, 84.32, 1.8
FILLER_27_162, 75.67, 84.32, 1.8
FILLER_28_156, 75.67, 84.32, 1.8
_184_, 75.67, 84.32, 1.8
_271_, 75.67, 84.32, 1.8
FILLER_25_161, 75.67, 78.88, 1.8
FILLER_23_148, 75.67, 73.44, 1.8
FILLER_23_159, 75.67, 73.44, 1.8
_124_, 75.67, 73.44, 1.8
_181_, 75.67, 73.44, 1.8
FILLER_21_161, 75.67, 68, 1.8
_125_, 75.67, 68, 1.8
_270_, 75.67, 68, 1.8
FILLER_19_162, 75.67, 62.56, 1.8
_113_, 75.67, 62.56, 1.8
_180_, 75.67, 62.56, 1.8
FILLER_16_150, 75.67, 57.12, 1.8
FILLER_17_144, 75.67, 57.12, 1.8
FILLER_17_158, 75.67, 57.12, 1.8
_177_, 75.67, 57.12, 1.8
_178_, 75.67, 57.12, 1.8
FILLER_15_161, 75.67, 51.68, 1.8
_269_, 75.67, 51.68, 1.8
_176_, 75.67, 46.24, 1.8
FILLER_11_151, 75.67, 40.8, 1.8
FILLER_11_159, 75.67, 40.8, 1.8
FILLER_12_154, 75.67, 40.8, 1.8
_175_, 75.67, 40.8, 1.8
_268_, 75.67, 40.8, 1.8
FILLER_8_146, 75.67, 35.36, 1.8
FILLER_9_161, 75.67, 35.36, 1.8
_117_, 75.67, 35.36, 1.8
_173_, 75.67, 35.36, 1.8
FILLER_6_146, 75.67, 29.92, 1.8
FILLER_7_157, 75.67, 29.92, 1.8
_116_, 75.67, 29.92, 1.8
FILLER_5_161, 75.67, 24.48, 1.8
FILLER_6_154, 75.67, 24.48, 1.8
_267_, 75.67, 24.48, 1.8
FILLER_3_161, 75.67, 19.04, 1.8
FILLER_0_159, 75.67, 13.6, 1.8
FILLER_1_161, 75.67, 13.6, 1.8
output12, 75.67, 13.6, 1.8
FILLER_40_85, 47.61, 122.4, 1.8
FILLER_38_85, 47.61, 116.96, 1.8
FILLER_39_101, 47.61, 116.96, 1.8
FILLER_40_96, 47.61, 116.96, 1.8
_233_, 47.61, 116.96, 1.8
_247_, 47.61, 116.96, 1.8
output10, 47.61, 116.96, 1.8
FILLER_36_85, 47.61, 111.52, 1.8
FILLER_37_88, 47.61, 111.52, 1.8
FILLER_38_93, 47.61, 111.52, 1.8
_227_, 47.61, 111.52, 1.8
_245_, 47.61, 111.52, 1.8
_246_, 47.61, 111.52, 1.8
FILLER_35_86, 47.61, 106.08, 1.8
_225_, 47.61, 106.08, 1.8
FILLER_31_85, 47.61, 95.2, 1.8
_257_, 47.61, 95.2, 1.8
FILLER_26_90, 47.61, 84.32, 1.8
FILLER_27_90, 47.61, 84.32, 1.8
FILLER_27_98, 47.61, 84.32, 1.8
FILLER_28_97, 47.61, 84.32, 1.8
_215_, 47.61, 84.32, 1.8
_217_, 47.61, 84.32, 1.8
_224_, 47.61, 84.32, 1.8
_216_, 47.61, 78.88, 1.8
FILLER_22_85, 47.61, 73.44, 1.8
_131_, 47.61, 73.44, 1.8
_210_, 47.61, 73.44, 1.8
FILLER_21_93, 47.61, 68, 1.8
FILLER_22_96, 47.61, 68, 1.8
_145_, 47.61, 68, 1.8
_162_, 47.61, 68, 1.8
_164_, 47.61, 68, 1.8
FILLER_18_85, 47.61, 62.56, 1.8
FILLER_16_90, 47.61, 57.12, 1.8
FILLER_17_88, 47.61, 57.12, 1.8
FILLER_17_99, 47.61, 57.12, 1.8
_133_, 47.61, 57.12, 1.8
_134_, 47.61, 57.12, 1.8
_146_, 47.61, 57.12, 1.8
_163_, 47.61, 57.12, 1.8
_160_, 47.61, 51.68, 1.8
FILLER_12_85, 47.61, 46.24, 1.8
FILLER_12_91, 47.61, 46.24, 1.8
_135_, 47.61, 46.24, 1.8
_157_, 47.61, 46.24, 1.8
_143_, 47.61, 40.8, 1.8
_159_, 47.61, 40.8, 1.8
FILLER_8_85, 47.61, 35.36, 1.8
_137_, 47.61, 35.36, 1.8
_144_, 47.61, 35.36, 1.8
FILLER_6_85, 47.61, 29.92, 1.8
FILLER_7_86, 47.61, 29.92, 1.8
FILLER_7_97, 47.61, 29.92, 1.8
FILLER_8_93, 47.61, 29.92, 1.8
_136_, 47.61, 29.92, 1.8
_158_, 47.61, 29.92, 1.8
FILLER_6_93, 47.61, 24.48, 1.8
_138_, 47.61, 24.48, 1.8
FILLER_38_29, 19.55, 116.96, 1.8
output14, 19.55, 116.96, 1.8
FILLER_37_24, 19.55, 111.52, 1.8
FILLER_37_35, 19.55, 111.52, 1.8
FILLER_38_35, 19.55, 111.52, 1.8
_235_, 19.55, 111.52, 1.8
_237_, 19.55, 111.52, 1.8
_240_, 19.55, 111.52, 1.8
_242_, 19.55, 111.52, 1.8
FILLER_34_25, 19.55, 106.08, 1.8
_236_, 19.55, 106.08, 1.8
FILLER_32_29, 19.55, 100.64, 1.8
FILLER_31_37, 19.55, 95.2, 1.8
_249_, 19.55, 95.2, 1.8
FILLER_29_39, 19.55, 89.76, 1.8
FILLER_27_35, 19.55, 84.32, 1.8
_151_, 19.55, 84.32, 1.8
FILLER_17_32, 19.55, 57.12, 1.8
FILLER_17_39, 19.55, 57.12, 1.8
_205_, 19.55, 57.12, 1.8
_206_, 19.55, 57.12, 1.8
FILLER_13_27, 19.55, 46.24, 1.8
FILLER_13_39, 19.55, 46.24, 1.8
_201_, 19.55, 46.24, 1.8
FILLER_9_39, 19.55, 35.36, 1.8
FILLER_7_39, 19.55, 29.92, 1.8
PHY_80, 5.52, 122.4, 1.8
PHY_81, 117.76, 122.4, 1.8
FILLER_40_47, 28.903, 122.4, 1.8
FILLER_40_105, 56.963, 122.4, 1.8
FILLER_40_165, 85.023, 122.4, 1.8
FILLER_40_169, 85.023, 122.4, 1.8
FILLER_40_188, 94.376, 122.4, 1.8
FILLER_40_225, 110.745, 122.4, 1.8
PHY_76, 5.52, 116.96, 1.8
PHY_78, 5.52, 116.96, 1.8
FILLER_39_237, 117.76, 116.96, 1.8
PHY_77, 117.76, 116.96, 1.8
PHY_79, 117.76, 116.96, 1.8
FILLER_38_15, 12.535, 116.96, 1.8
FILLER_39_51, 28.903, 116.96, 1.8
FILLER_38_68, 38.256, 116.96, 1.8
FILLER_40_81, 38.256, 116.96, 1.8
FILLER_39_109, 56.963, 116.96, 1.8
FILLER_40_137, 66.316, 116.96, 1.8
input7, 85.023, 116.96, 1.8
FILLER_38_189, 94.376, 116.96, 1.8
output11, 110.745, 116.96, 1.8
PHY_72, 5.52, 111.52, 1.8
PHY_74, 5.52, 111.52, 1.8
output13, 5.52, 111.52, 1.8
FILLER_37_237, 117.76, 111.52, 1.8
PHY_73, 117.76, 111.52, 1.8
PHY_75, 117.76, 111.52, 1.8
FILLER_37_9, 12.535, 111.52, 1.8
_243_, 12.535, 111.52, 1.8
_244_, 12.535, 111.52, 1.8
FILLER_38_52, 28.903, 111.52, 1.8
_230_, 28.903, 111.52, 1.8
_238_, 28.903, 111.52, 1.8
FILLER_37_67, 38.256, 111.52, 1.8
FILLER_38_77, 38.256, 111.52, 1.8
_232_, 38.256, 111.52, 1.8
_239_, 38.256, 111.52, 1.8
FILLER_37_109, 56.963, 111.52, 1.8
FILLER_38_137, 66.316, 111.52, 1.8
FILLER_36_189, 94.376, 111.52, 1.8
FILLER_38_233, 110.745, 111.52, 1.8
PHY_68, 5.52, 106.08, 1.8
PHY_70, 5.52, 106.08, 1.8
FILLER_35_237, 117.76, 106.08, 1.8
PHY_69, 117.76, 106.08, 1.8
PHY_71, 117.76, 106.08, 1.8
FILLER_34_15, 12.535, 106.08, 1.8
FILLER_34_41, 28.903, 106.08, 1.8
FILLER_35_51, 28.903, 106.08, 1.8
_228_, 28.903, 106.08, 1.8
_231_, 28.903, 106.08, 1.8
FILLER_35_69, 38.256, 106.08, 1.8
_226_, 38.256, 106.08, 1.8
_229_, 38.256, 106.08, 1.8
FILLER_35_105, 56.963, 106.08, 1.8
FILLER_34_189, 94.376, 106.08, 1.8
FILLER_36_233, 110.745, 106.08, 1.8
PHY_64, 5.52, 100.64, 1.8
PHY_66, 5.52, 100.64, 1.8
FILLER_33_237, 117.76, 100.64, 1.8
PHY_65, 117.76, 100.64, 1.8
PHY_67, 117.76, 100.64, 1.8
_234_, 12.535, 100.64, 1.8
_241_, 12.535, 100.64, 1.8
FILLER_34_59, 28.903, 100.64, 1.8
FILLER_34_80, 38.256, 100.64, 1.8
_248_, 38.256, 100.64, 1.8
FILLER_33_105, 56.963, 100.64, 1.8
FILLER_34_133, 66.316, 100.64, 1.8
FILLER_32_189, 94.376, 100.64, 1.8
FILLER_34_233, 110.745, 100.64, 1.8
PHY_60, 5.52, 95.2, 1.8
PHY_62, 5.52, 95.2, 1.8
_250_, 5.52, 95.2, 1.8
PHY_61, 117.76, 95.2, 1.8
PHY_63, 117.76, 95.2, 1.8
_150_, 12.535, 95.2, 1.8
FILLER_31_45, 28.903, 95.2, 1.8
FILLER_31_53, 28.903, 95.2, 1.8
FILLER_32_56, 28.903, 95.2, 1.8
_190_, 28.903, 95.2, 1.8
_153_, 38.256, 95.2, 1.8
FILLER_30_109, 56.963, 95.2, 1.8
FILLER_31_108, 56.963, 95.2, 1.8
FILLER_30_132, 66.316, 95.2, 1.8
FILLER_32_133, 66.316, 95.2, 1.8
_264_, 66.316, 95.2, 1.8
FILLER_31_165, 85.023, 95.2, 1.8
FILLER_30_189, 94.376, 95.2, 1.8
FILLER_31_225, 110.745, 95.2, 1.8
FILLER_32_233, 110.745, 95.2, 1.8
input2, 110.745, 95.2, 1.8
FILLER_30_3, 5.52, 89.76, 1.8
PHY_56, 5.52, 89.76, 1.8
PHY_58, 5.52, 89.76, 1.8
FILLER_29_237, 117.76, 89.76, 1.8
PHY_57, 117.76, 89.76, 1.8
PHY_59, 117.76, 89.76, 1.8
FILLER_29_52, 28.903, 89.76, 1.8
_149_, 28.903, 89.76, 1.8
_189_, 28.903, 89.76, 1.8
FILLER_28_67, 38.256, 89.76, 1.8
FILLER_30_77, 38.256, 89.76, 1.8
FILLER_28_109, 56.963, 89.76, 1.8
FILLER_29_105, 56.963, 89.76, 1.8
_147_, 56.963, 89.76, 1.8
_165_, 56.963, 89.76, 1.8
_167_, 56.963, 89.76, 1.8
FILLER_28_130, 66.316, 89.76, 1.8
FILLER_29_132, 66.316, 89.76, 1.8
_182_, 66.316, 89.76, 1.8
FILLER_29_164, 85.023, 89.76, 1.8
FILLER_28_192, 94.376, 89.76, 1.8
FILLER_30_233, 110.745, 89.76, 1.8
FILLER_27_3, 5.52, 84.32, 1.8
PHY_52, 5.52, 84.32, 1.8
PHY_54, 5.52, 84.32, 1.8
FILLER_27_237, 117.76, 84.32, 1.8
PHY_53, 117.76, 84.32, 1.8
PHY_55, 117.76, 84.32, 1.8
_272_, 12.535, 84.32, 1.8
FILLER_27_53, 28.903, 84.32, 1.8
_128_, 28.903, 84.32, 1.8
_152_, 28.903, 84.32, 1.8
FILLER_26_68, 38.256, 84.32, 1.8
FILLER_27_81, 38.256, 84.32, 1.8
_220_, 38.256, 84.32, 1.8
FILLER_26_105, 56.963, 84.32, 1.8
FILLER_27_118, 56.963, 84.32, 1.8
_129_, 56.963, 84.32, 1.8
_130_, 56.963, 84.32, 1.8
_148_, 56.963, 84.32, 1.8
_166_, 56.963, 84.32, 1.8
FILLER_27_131, 66.316, 84.32, 1.8
FILLER_28_141, 66.316, 84.32, 1.8
_109_, 66.316, 84.32, 1.8
_126_, 66.316, 84.32, 1.8
_127_, 66.316, 84.32, 1.8
FILLER_26_189, 94.376, 84.32, 1.8
FILLER_28_233, 110.745, 84.32, 1.8
PHY_48, 5.52, 78.88, 1.8
PHY_50, 5.52, 78.88, 1.8
FILLER_25_237, 117.76, 78.88, 1.8
PHY_49, 117.76, 78.88, 1.8
PHY_51, 117.76, 78.88, 1.8
FILLER_25_51, 28.903, 78.88, 1.8
FILLER_24_65, 38.256, 78.88, 1.8
FILLER_26_79, 38.256, 78.88, 1.8
_219_, 38.256, 78.88, 1.8
FILLER_25_105, 56.963, 78.88, 1.8
FILLER_24_189, 94.376, 78.88, 1.8
FILLER_26_233, 110.745, 78.88, 1.8
PHY_44, 5.52, 73.44, 1.8
PHY_46, 5.52, 73.44, 1.8
input5, 5.52, 73.44, 1.8
FILLER_23_237, 117.76, 73.44, 1.8
PHY_45, 117.76, 73.44, 1.8
PHY_47, 117.76, 73.44, 1.8
FILLER_24_20, 12.535, 73.44, 1.8
FILLER_22_50, 28.903, 73.44, 1.8
FILLER_23_51, 28.903, 73.44, 1.8
_214_, 28.903, 73.44, 1.8
FILLER_23_69, 38.256, 73.44, 1.8
FILLER_23_78, 38.256, 73.44, 1.8
FILLER_24_73, 38.256, 73.44, 1.8
FILLER_24_79, 38.256, 73.44, 1.8
_212_, 38.256, 73.44, 1.8
_218_, 38.256, 73.44, 1.8
FILLER_22_107, 56.963, 73.44, 1.8
FILLER_23_102, 56.963, 73.44, 1.8
FILLER_23_130, 66.316, 73.44, 1.8
FILLER_23_138, 66.316, 73.44, 1.8
FILLER_24_133, 66.316, 73.44, 1.8
_110_, 66.316, 73.44, 1.8
_179_, 66.316, 73.44, 1.8
fanout16, 66.316, 73.44, 1.8
FILLER_22_192, 94.376, 73.44, 1.8
FILLER_24_233, 110.745, 73.44, 1.8
PHY_40, 5.52, 68, 1.8
PHY_42, 5.52, 68, 1.8
FILLER_21_237, 117.76, 68, 1.8
PHY_41, 117.76, 68, 1.8
PHY_43, 117.76, 68, 1.8
FILLER_21_51, 28.903, 68, 1.8
_256_, 28.903, 68, 1.8
fanout20, 28.903, 68, 1.8
FILLER_22_74, 38.256, 68, 1.8
FILLER_22_81, 38.256, 68, 1.8
_211_, 38.256, 68, 1.8
FILLER_21_106, 56.963, 68, 1.8
_263_, 56.963, 68, 1.8
FILLER_22_133, 66.316, 68, 1.8
FILLER_21_181, 85.023, 68, 1.8
FILLER_20_187, 94.376, 68, 1.8
_266_, 94.376, 68, 1.8
FILLER_22_233, 110.745, 68, 1.8
PHY_36, 5.52, 62.56, 1.8
PHY_38, 5.52, 62.56, 1.8
FILLER_18_237, 117.76, 62.56, 1.8
PHY_37, 117.76, 62.56, 1.8
PHY_39, 117.76, 62.56, 1.8
FILLER_18_41, 28.903, 62.56, 1.8
FILLER_19_51, 28.903, 62.56, 1.8
_213_, 28.903, 62.56, 1.8
FILLER_20_77, 38.256, 62.56, 1.8
FILLER_19_105, 56.963, 62.56, 1.8
FILLER_19_137, 66.316, 62.56, 1.8
FILLER_20_133, 66.316, 62.56, 1.8
_172_, 94.376, 62.56, 1.8
FILLER_19_225, 110.745, 62.56, 1.8
FILLER_19_234, 110.745, 62.56, 1.8
FILLER_20_233, 110.745, 62.56, 1.8
fanout18, 110.745, 62.56, 1.8
PHY_32, 5.52, 57.12, 1.8
PHY_34, 5.52, 57.12, 1.8
PHY_33, 117.76, 57.12, 1.8
PHY_35, 117.76, 57.12, 1.8
FILLER_17_50, 28.903, 57.12, 1.8
_207_, 28.903, 57.12, 1.8
_209_, 28.903, 57.12, 1.8
_255_, 28.903, 57.12, 1.8
FILLER_16_71, 38.256, 57.12, 1.8
FILLER_17_79, 38.256, 57.12, 1.8
_161_, 56.963, 57.12, 1.8
_262_, 56.963, 57.12, 1.8
FILLER_16_130, 66.316, 57.12, 1.8
FILLER_17_135, 66.316, 57.12, 1.8
FILLER_18_136, 66.316, 57.12, 1.8
_112_, 66.316, 57.12, 1.8
fanout15, 66.316, 57.12, 1.8
FILLER_17_181, 85.023, 57.12, 1.8
FILLER_18_182, 85.023, 57.12, 1.8
FILLER_17_189, 94.376, 57.12, 1.8
FILLER_17_198, 94.376, 57.12, 1.8
_119_, 94.376, 57.12, 1.8
_120_, 94.376, 57.12, 1.8
_121_, 94.376, 57.12, 1.8
_171_, 94.376, 57.12, 1.8
FILLER_17_232, 110.745, 57.12, 1.8
_186_, 110.745, 57.12, 1.8
_187_, 110.745, 57.12, 1.8
input9, 110.745, 57.12, 1.8
PHY_28, 5.52, 51.68, 1.8
PHY_30, 5.52, 51.68, 1.8
FILLER_15_237, 117.76, 51.68, 1.8
PHY_29, 117.76, 51.68, 1.8
PHY_31, 117.76, 51.68, 1.8
FILLER_15_51, 28.903, 51.68, 1.8
_200_, 28.903, 51.68, 1.8
_132_, 38.256, 51.68, 1.8
FILLER_15_105, 56.963, 51.68, 1.8
FILLER_16_141, 66.316, 51.68, 1.8
_111_, 66.316, 51.68, 1.8
FILLER_16_178, 85.023, 51.68, 1.8
FILLER_14_189, 94.376, 51.68, 1.8
PHY_24, 5.52, 46.24, 1.8
PHY_26, 5.52, 46.24, 1.8
PHY_25, 117.76, 46.24, 1.8
PHY_27, 117.76, 46.24, 1.8
FILLER_12_44, 28.903, 46.24, 1.8
FILLER_13_49, 28.903, 46.24, 1.8
_202_, 28.903, 46.24, 1.8
_204_, 28.903, 46.24, 1.8
_208_, 28.903, 46.24, 1.8
FILLER_13_81, 38.256, 46.24, 1.8
_254_, 38.256, 46.24, 1.8
FILLER_12_102, 56.963, 46.24, 1.8
FILLER_13_103, 56.963, 46.24, 1.8
_261_, 56.963, 46.24, 1.8
FILLER_12_127, 66.316, 46.24, 1.8
FILLER_13_125, 66.316, 46.24, 1.8
FILLER_13_137, 66.316, 46.24, 1.8
FILLER_14_133, 66.316, 46.24, 1.8
_114_, 66.316, 46.24, 1.8
_174_, 66.316, 46.24, 1.8
FILLER_12_190, 94.376, 46.24, 1.8
FILLER_13_225, 110.745, 46.24, 1.8
FILLER_14_233, 110.745, 46.24, 1.8
fanout17, 110.745, 46.24, 1.8
PHY_20, 5.52, 40.8, 1.8
PHY_22, 5.52, 40.8, 1.8
PHY_21, 117.76, 40.8, 1.8
PHY_23, 117.76, 40.8, 1.8
FILLER_11_51, 28.903, 40.8, 1.8
FILLER_12_55, 28.903, 40.8, 1.8
FILLER_11_81, 38.256, 40.8, 1.8
FILLER_11_105, 56.963, 40.8, 1.8
FILLER_11_137, 66.316, 40.8, 1.8
FILLER_12_141, 66.316, 40.8, 1.8
_122_, 66.316, 40.8, 1.8
_123_, 66.316, 40.8, 1.8
FILLER_11_181, 85.023, 40.8, 1.8
FILLER_10_192, 94.376, 40.8, 1.8
_155_, 94.376, 40.8, 1.8
_259_, 94.376, 40.8, 1.8
FILLER_11_232, 110.745, 40.8, 1.8
_168_, 110.745, 40.8, 1.8
PHY_16, 5.52, 35.36, 1.8
PHY_18, 5.52, 35.36, 1.8
input4, 5.52, 35.36, 1.8
FILLER_9_237, 117.76, 35.36, 1.8
PHY_17, 117.76, 35.36, 1.8
PHY_19, 117.76, 35.36, 1.8
FILLER_10_20, 12.535, 35.36, 1.8
FILLER_8_46, 28.903, 35.36, 1.8
FILLER_9_50, 28.903, 35.36, 1.8
_196_, 28.903, 35.36, 1.8
_197_, 28.903, 35.36, 1.8
_203_, 28.903, 35.36, 1.8
FILLER_10_77, 38.256, 35.36, 1.8
fanout19, 38.256, 35.36, 1.8
FILLER_9_104, 56.963, 35.36, 1.8
FILLER_10_133, 66.316, 35.36, 1.8
FILLER_10_177, 85.023, 35.36, 1.8
FILLER_9_181, 85.023, 35.36, 1.8
FILLER_8_191, 94.376, 35.36, 1.8
_142_, 94.376, 35.36, 1.8
_154_, 94.376, 35.36, 1.8
FILLER_10_231, 110.745, 35.36, 1.8
PHY_12, 5.52, 29.92, 1.8
PHY_14, 5.52, 29.92, 1.8
FILLER_7_238, 117.76, 29.92, 1.8
PHY_13, 117.76, 29.92, 1.8
PHY_15, 117.76, 29.92, 1.8
FILLER_7_57, 28.903, 29.92, 1.8
_198_, 28.903, 29.92, 1.8
_253_, 38.256, 29.92, 1.8
FILLER_6_111, 56.963, 29.92, 1.8
FILLER_7_113, 56.963, 29.92, 1.8
FILLER_8_113, 56.963, 29.92, 1.8
_156_, 56.963, 29.92, 1.8
_260_, 56.963, 29.92, 1.8
fanout22, 56.963, 29.92, 1.8
FILLER_6_132, 66.316, 29.92, 1.8
FILLER_7_136, 66.316, 29.92, 1.8
FILLER_8_134, 66.316, 29.92, 1.8
_115_, 66.316, 29.92, 1.8
FILLER_7_165, 85.023, 29.92, 1.8
FILLER_7_181, 85.023, 29.92, 1.8
FILLER_8_181, 85.023, 29.92, 1.8
FILLER_6_189, 94.376, 29.92, 1.8
FILLER_7_189, 94.376, 29.92, 1.8
_140_, 94.376, 29.92, 1.8
_141_, 94.376, 29.92, 1.8
FILLER_7_230, 110.745, 29.92, 1.8
FILLER_8_231, 110.745, 29.92, 1.8
_223_, 110.745, 29.92, 1.8
PHY_10, 5.52, 24.48, 1.8
PHY_8, 5.52, 24.48, 1.8
FILLER_5_237, 117.76, 24.48, 1.8
PHY_11, 117.76, 24.48, 1.8
PHY_9, 117.76, 24.48, 1.8
FILLER_5_51, 28.903, 24.48, 1.8
FILLER_6_53, 28.903, 24.48, 1.8
_199_, 28.903, 24.48, 1.8
FILLER_6_76, 38.256, 24.48, 1.8
FILLER_5_105, 56.963, 24.48, 1.8
fanout21, 56.963, 24.48, 1.8
FILLER_4_165, 85.023, 24.48, 1.8
PHY_4, 5.52, 19.04, 1.8
PHY_6, 5.52, 19.04, 1.8
FILLER_3_237, 117.76, 19.04, 1.8
PHY_5, 117.76, 19.04, 1.8
PHY_7, 117.76, 19.04, 1.8
FILLER_3_51, 28.903, 19.04, 1.8
FILLER_4_77, 38.256, 19.04, 1.8
FILLER_3_105, 56.963, 19.04, 1.8
FILLER_4_133, 66.316, 19.04, 1.8
_252_, 85.023, 19.04, 1.8
FILLER_2_189, 94.376, 19.04, 1.8
input8, 110.745, 19.04, 1.8
PHY_0, 5.52, 13.6, 1.8
PHY_2, 5.52, 13.6, 1.8
input6, 5.52, 13.6, 1.8
FILLER_0_238, 117.76, 13.6, 1.8
FILLER_1_237, 117.76, 13.6, 1.8
PHY_1, 117.76, 13.6, 1.8
PHY_3, 117.76, 13.6, 1.8
FILLER_0_20, 12.535, 13.6, 1.8
FILLER_0_53, 28.903, 13.6, 1.8
FILLER_0_57, 28.903, 13.6, 1.8
FILLER_1_51, 28.903, 13.6, 1.8
FILLER_0_76, 38.256, 13.6, 1.8
FILLER_2_77, 38.256, 13.6, 1.8
input1, 38.256, 13.6, 1.8
FILLER_0_109, 56.963, 13.6, 1.8
FILLER_1_105, 56.963, 13.6, 1.8
FILLER_0_137, 66.316, 13.6, 1.8
FILLER_2_133, 66.316, 13.6, 1.8
FILLER_0_193, 94.376, 13.6, 1.8
FILLER_2_197, 94.376, 13.6, 1.8
_192_, 94.376, 13.6, 1.8
FILLER_0_230, 110.745, 13.6, 1.8
input3, 110.745, 13.6, 1.8

