
===========================================================================
report_checks -path_delay max (Setup)
============================================================================
Startpoint: In_Data[1] (input port clocked by clk)
Endpoint: Out_Data[0] (output port clocked by clk)
Path Group: clk
Path Type: max

Fanout     Cap    Slew   Delay    Time   Description
-----------------------------------------------------------------------------
                  0.00    0.00    0.00   clock clk (rise edge)
                          0.00    0.00   clock network delay (ideal)
                         20.00   20.00 v input external delay
                  0.03    0.02   20.02 v In_Data[1] (in)
     2    0.01                           In_Data[1] (net)
                  0.03    0.00   20.02 v _192_/B (sky130_fd_sc_hd__xor2_2)
                  0.08    0.17   20.19 v _192_/X (sky130_fd_sc_hd__xor2_2)
     2    0.01                           _029_ (net)
                  0.08    0.00   20.19 v _195_/A3 (sky130_fd_sc_hd__a31oi_2)
                  0.27    0.32   20.51 ^ _195_/Y (sky130_fd_sc_hd__a31oi_2)
     2    0.02                           _031_ (net)
                  0.27    0.00   20.51 ^ _203_/A1 (sky130_fd_sc_hd__o21ai_2)
                  0.09    0.15   20.66 v _203_/Y (sky130_fd_sc_hd__o21ai_2)
     2    0.01                           _038_ (net)
                  0.09    0.00   20.66 v _208_/A2 (sky130_fd_sc_hd__a21boi_2)
                  0.24    0.27   20.93 ^ _208_/Y (sky130_fd_sc_hd__a21boi_2)
     2    0.02                           _042_ (net)
                  0.24    0.00   20.93 ^ _213_/A2 (sky130_fd_sc_hd__o21ai_2)
                  0.07    0.11   21.04 v _213_/Y (sky130_fd_sc_hd__o21ai_2)
     2    0.01                           _046_ (net)
                  0.07    0.00   21.04 v _218_/B1 (sky130_fd_sc_hd__a21o_2)
                  0.05    0.22   21.27 v _218_/X (sky130_fd_sc_hd__a21o_2)
     2    0.01                           _050_ (net)
                  0.05    0.00   21.27 v _224_/A3 (sky130_fd_sc_hd__a31oi_2)
                  0.16    0.21   21.48 ^ _224_/Y (sky130_fd_sc_hd__a31oi_2)
     1    0.01                           _054_ (net)
                  0.16    0.00   21.48 ^ _225_/A (sky130_fd_sc_hd__inv_2)
                  0.05    0.08   21.55 v _225_/Y (sky130_fd_sc_hd__inv_2)
     3    0.01                           _055_ (net)
                  0.05    0.00   21.55 v _245_/A (sky130_fd_sc_hd__or2_2)
                  0.05    0.30   21.85 v _245_/X (sky130_fd_sc_hd__or2_2)
     1    0.00                           _071_ (net)
                  0.05    0.00   21.85 v _246_/B (sky130_fd_sc_hd__and2_2)
                  0.04    0.19   22.05 v _246_/X (sky130_fd_sc_hd__and2_2)
     1    0.00                           _072_ (net)
                  0.04    0.00   22.05 v _247_/A (sky130_fd_sc_hd__buf_1)
                  0.21    0.23   22.28 v _247_/X (sky130_fd_sc_hd__buf_1)
     1    0.03                           Out_Data[0] (net)
                  0.21    0.00   22.28 v Out_Data[0] (out)
                                 22.28   data arrival time

                  0.00  100.00  100.00   clock clk (rise edge)
                          0.00  100.00   clock network delay (ideal)
                         -0.25   99.75   clock uncertainty
                          0.00   99.75   clock reconvergence pessimism
                        -20.00   79.75   output external delay
                                 79.75   data required time
-----------------------------------------------------------------------------
                                 79.75   data required time
                                -22.28   data arrival time
-----------------------------------------------------------------------------
                                 57.47   slack (MET)


Startpoint: In_Data[1] (input port clocked by clk)
Endpoint: Out_Data[4] (output port clocked by clk)
Path Group: clk
Path Type: max

Fanout     Cap    Slew   Delay    Time   Description
-----------------------------------------------------------------------------
                  0.00    0.00    0.00   clock clk (rise edge)
                          0.00    0.00   clock network delay (ideal)
                         20.00   20.00 v input external delay
                  0.03    0.02   20.02 v In_Data[1] (in)
     2    0.01                           In_Data[1] (net)
                  0.03    0.00   20.02 v _192_/B (sky130_fd_sc_hd__xor2_2)
                  0.08    0.17   20.19 v _192_/X (sky130_fd_sc_hd__xor2_2)
     2    0.01                           _029_ (net)
                  0.08    0.00   20.19 v _195_/A3 (sky130_fd_sc_hd__a31oi_2)
                  0.27    0.32   20.51 ^ _195_/Y (sky130_fd_sc_hd__a31oi_2)
     2    0.02                           _031_ (net)
                  0.27    0.00   20.51 ^ _203_/A1 (sky130_fd_sc_hd__o21ai_2)
                  0.09    0.15   20.66 v _203_/Y (sky130_fd_sc_hd__o21ai_2)
     2    0.01                           _038_ (net)
                  0.09    0.00   20.66 v _208_/A2 (sky130_fd_sc_hd__a21boi_2)
                  0.24    0.27   20.93 ^ _208_/Y (sky130_fd_sc_hd__a21boi_2)
     2    0.02                           _042_ (net)
                  0.24    0.00   20.93 ^ _213_/A2 (sky130_fd_sc_hd__o21ai_2)
                  0.07    0.11   21.04 v _213_/Y (sky130_fd_sc_hd__o21ai_2)
     2    0.01                           _046_ (net)
                  0.07    0.00   21.04 v _218_/B1 (sky130_fd_sc_hd__a21o_2)
                  0.05    0.22   21.27 v _218_/X (sky130_fd_sc_hd__a21o_2)
     2    0.01                           _050_ (net)
                  0.05    0.00   21.27 v _224_/A3 (sky130_fd_sc_hd__a31oi_2)
                  0.16    0.21   21.48 ^ _224_/Y (sky130_fd_sc_hd__a31oi_2)
     1    0.01                           _054_ (net)
                  0.16    0.00   21.48 ^ _225_/A (sky130_fd_sc_hd__inv_2)
                  0.05    0.08   21.55 v _225_/Y (sky130_fd_sc_hd__inv_2)
     3    0.01                           _055_ (net)
                  0.05    0.00   21.55 v _239_/A1 (sky130_fd_sc_hd__a31oi_2)
                  0.27    0.24   21.80 ^ _239_/Y (sky130_fd_sc_hd__a31oi_2)
     3    0.02                           _068_ (net)
                  0.27    0.00   21.80 ^ _244_/A2 (sky130_fd_sc_hd__o211a_2)
                  0.23    0.37   22.17 ^ _244_/X (sky130_fd_sc_hd__o211a_2)
     1    0.03                           Out_Data[4] (net)
                  0.23    0.00   22.17 ^ Out_Data[4] (out)
                                 22.17   data arrival time

                  0.00  100.00  100.00   clock clk (rise edge)
                          0.00  100.00   clock network delay (ideal)
                         -0.25   99.75   clock uncertainty
                          0.00   99.75   clock reconvergence pessimism
                        -20.00   79.75   output external delay
                                 79.75   data required time
-----------------------------------------------------------------------------
                                 79.75   data required time
                                -22.17   data arrival time
-----------------------------------------------------------------------------
                                 57.58   slack (MET)


Startpoint: In_Data[1] (input port clocked by clk)
Endpoint: Out_Data[3] (output port clocked by clk)
Path Group: clk
Path Type: max

Fanout     Cap    Slew   Delay    Time   Description
-----------------------------------------------------------------------------
                  0.00    0.00    0.00   clock clk (rise edge)
                          0.00    0.00   clock network delay (ideal)
                         20.00   20.00 v input external delay
                  0.03    0.02   20.02 v In_Data[1] (in)
     2    0.01                           In_Data[1] (net)
                  0.03    0.00   20.02 v _192_/B (sky130_fd_sc_hd__xor2_2)
                  0.08    0.17   20.19 v _192_/X (sky130_fd_sc_hd__xor2_2)
     2    0.01                           _029_ (net)
                  0.08    0.00   20.19 v _195_/A3 (sky130_fd_sc_hd__a31oi_2)
                  0.27    0.32   20.51 ^ _195_/Y (sky130_fd_sc_hd__a31oi_2)
     2    0.02                           _031_ (net)
                  0.27    0.00   20.51 ^ _203_/A1 (sky130_fd_sc_hd__o21ai_2)
                  0.09    0.15   20.66 v _203_/Y (sky130_fd_sc_hd__o21ai_2)
     2    0.01                           _038_ (net)
                  0.09    0.00   20.66 v _208_/A2 (sky130_fd_sc_hd__a21boi_2)
                  0.24    0.27   20.93 ^ _208_/Y (sky130_fd_sc_hd__a21boi_2)
     2    0.02                           _042_ (net)
                  0.24    0.00   20.93 ^ _213_/A2 (sky130_fd_sc_hd__o21ai_2)
                  0.07    0.11   21.04 v _213_/Y (sky130_fd_sc_hd__o21ai_2)
     2    0.01                           _046_ (net)
                  0.07    0.00   21.04 v _218_/B1 (sky130_fd_sc_hd__a21o_2)
                  0.05    0.22   21.27 v _218_/X (sky130_fd_sc_hd__a21o_2)
     2    0.01                           _050_ (net)
                  0.05    0.00   21.27 v _224_/A3 (sky130_fd_sc_hd__a31oi_2)
                  0.16    0.21   21.48 ^ _224_/Y (sky130_fd_sc_hd__a31oi_2)
     1    0.01                           _054_ (net)
                  0.16    0.00   21.48 ^ _225_/A (sky130_fd_sc_hd__inv_2)
                  0.05    0.08   21.55 v _225_/Y (sky130_fd_sc_hd__inv_2)
     3    0.01                           _055_ (net)
                  0.05    0.00   21.55 v _239_/A1 (sky130_fd_sc_hd__a31oi_2)
                  0.27    0.24   21.80 ^ _239_/Y (sky130_fd_sc_hd__a31oi_2)
     3    0.02                           _068_ (net)
                  0.27    0.00   21.80 ^ _243_/A2 (sky130_fd_sc_hd__o211a_2)
                  0.21    0.36   22.16 ^ _243_/X (sky130_fd_sc_hd__o211a_2)
     1    0.03                           Out_Data[3] (net)
                  0.21    0.00   22.16 ^ Out_Data[3] (out)
                                 22.16   data arrival time

                  0.00  100.00  100.00   clock clk (rise edge)
                          0.00  100.00   clock network delay (ideal)
                         -0.25   99.75   clock uncertainty
                          0.00   99.75   clock reconvergence pessimism
                        -20.00   79.75   output external delay
                                 79.75   data required time
-----------------------------------------------------------------------------
                                 79.75   data required time
                                -22.16   data arrival time
-----------------------------------------------------------------------------
                                 57.59   slack (MET)


Startpoint: In_Data[1] (input port clocked by clk)
Endpoint: Out_Data[2] (output port clocked by clk)
Path Group: clk
Path Type: max

Fanout     Cap    Slew   Delay    Time   Description
-----------------------------------------------------------------------------
                  0.00    0.00    0.00   clock clk (rise edge)
                          0.00    0.00   clock network delay (ideal)
                         20.00   20.00 v input external delay
                  0.03    0.02   20.02 v In_Data[1] (in)
     2    0.01                           In_Data[1] (net)
                  0.03    0.00   20.02 v _192_/B (sky130_fd_sc_hd__xor2_2)
                  0.08    0.17   20.19 v _192_/X (sky130_fd_sc_hd__xor2_2)
     2    0.01                           _029_ (net)
                  0.08    0.00   20.19 v _195_/A3 (sky130_fd_sc_hd__a31oi_2)
                  0.27    0.32   20.51 ^ _195_/Y (sky130_fd_sc_hd__a31oi_2)
     2    0.02                           _031_ (net)
                  0.27    0.00   20.51 ^ _203_/A1 (sky130_fd_sc_hd__o21ai_2)
                  0.09    0.15   20.66 v _203_/Y (sky130_fd_sc_hd__o21ai_2)
     2    0.01                           _038_ (net)
                  0.09    0.00   20.66 v _208_/A2 (sky130_fd_sc_hd__a21boi_2)
                  0.24    0.27   20.93 ^ _208_/Y (sky130_fd_sc_hd__a21boi_2)
     2    0.02                           _042_ (net)
                  0.24    0.00   20.93 ^ _213_/A2 (sky130_fd_sc_hd__o21ai_2)
                  0.07    0.11   21.04 v _213_/Y (sky130_fd_sc_hd__o21ai_2)
     2    0.01                           _046_ (net)
                  0.07    0.00   21.04 v _218_/B1 (sky130_fd_sc_hd__a21o_2)
                  0.05    0.22   21.27 v _218_/X (sky130_fd_sc_hd__a21o_2)
     2    0.01                           _050_ (net)
                  0.05    0.00   21.27 v _224_/A3 (sky130_fd_sc_hd__a31oi_2)
                  0.16    0.21   21.48 ^ _224_/Y (sky130_fd_sc_hd__a31oi_2)
     1    0.01                           _054_ (net)
                  0.16    0.00   21.48 ^ _225_/A (sky130_fd_sc_hd__inv_2)
                  0.05    0.08   21.55 v _225_/Y (sky130_fd_sc_hd__inv_2)
     3    0.01                           _055_ (net)
                  0.05    0.00   21.55 v _239_/A1 (sky130_fd_sc_hd__a31oi_2)
                  0.27    0.24   21.80 ^ _239_/Y (sky130_fd_sc_hd__a31oi_2)
     3    0.02                           _068_ (net)
                  0.27    0.00   21.80 ^ _240_/B (sky130_fd_sc_hd__xnor2_2)
                  0.57    0.30   22.10 ^ _240_/Y (sky130_fd_sc_hd__xnor2_2)
     1    0.03                           Out_Data[2] (net)
                  0.57    0.00   22.10 ^ Out_Data[2] (out)
                                 22.10   data arrival time

                  0.00  100.00  100.00   clock clk (rise edge)
                          0.00  100.00   clock network delay (ideal)
                         -0.25   99.75   clock uncertainty
                          0.00   99.75   clock reconvergence pessimism
                        -20.00   79.75   output external delay
                                 79.75   data required time
-----------------------------------------------------------------------------
                                 79.75   data required time
                                -22.10   data arrival time
-----------------------------------------------------------------------------
                                 57.65   slack (MET)


Startpoint: In_Data[1] (input port clocked by clk)
Endpoint: Out_Data[1] (output port clocked by clk)
Path Group: clk
Path Type: max

Fanout     Cap    Slew   Delay    Time   Description
-----------------------------------------------------------------------------
                  0.00    0.00    0.00   clock clk (rise edge)
                          0.00    0.00   clock network delay (ideal)
                         20.00   20.00 ^ input external delay
                  0.07    0.05   20.05 ^ In_Data[1] (in)
     2    0.02                           In_Data[1] (net)
                  0.07    0.00   20.05 ^ _192_/B (sky130_fd_sc_hd__xor2_2)
                  0.21    0.23   20.28 ^ _192_/X (sky130_fd_sc_hd__xor2_2)
     2    0.01                           _029_ (net)
                  0.21    0.00   20.28 ^ _195_/A3 (sky130_fd_sc_hd__a31oi_2)
                  0.13    0.18   20.46 v _195_/Y (sky130_fd_sc_hd__a31oi_2)
     2    0.02                           _031_ (net)
                  0.13    0.00   20.46 v _203_/A1 (sky130_fd_sc_hd__o21ai_2)
                  0.20    0.26   20.71 ^ _203_/Y (sky130_fd_sc_hd__o21ai_2)
     2    0.02                           _038_ (net)
                  0.20    0.00   20.71 ^ _208_/A2 (sky130_fd_sc_hd__a21boi_2)
                  0.09    0.13   20.85 v _208_/Y (sky130_fd_sc_hd__a21boi_2)
     2    0.02                           _042_ (net)
                  0.09    0.00   20.85 v _213_/A2 (sky130_fd_sc_hd__o21ai_2)
                  0.17    0.20   21.05 ^ _213_/Y (sky130_fd_sc_hd__o21ai_2)
     2    0.01                           _046_ (net)
                  0.17    0.00   21.05 ^ _218_/B1 (sky130_fd_sc_hd__a21o_2)
                  0.06    0.15   21.19 ^ _218_/X (sky130_fd_sc_hd__a21o_2)
     2    0.01                           _050_ (net)
                  0.06    0.00   21.19 ^ _224_/A3 (sky130_fd_sc_hd__a31oi_2)
                  0.08    0.10   21.30 v _224_/Y (sky130_fd_sc_hd__a31oi_2)
     1    0.01                           _054_ (net)
                  0.08    0.00   21.30 v _225_/A (sky130_fd_sc_hd__inv_2)
                  0.07    0.09   21.39 ^ _225_/Y (sky130_fd_sc_hd__inv_2)
     3    0.01                           _055_ (net)
                  0.07    0.00   21.39 ^ _227_/A (sky130_fd_sc_hd__nand2_2)
                  0.07    0.07   21.46 v _227_/Y (sky130_fd_sc_hd__nand2_2)
     2    0.01                           _057_ (net)
                  0.07    0.00   21.46 v _233_/A (sky130_fd_sc_hd__xnor2_2)
                  0.48    0.45   21.91 ^ _233_/Y (sky130_fd_sc_hd__xnor2_2)
     1    0.03                           Out_Data[1] (net)
                  0.48    0.00   21.91 ^ Out_Data[1] (out)
                                 21.91   data arrival time

                  0.00  100.00  100.00   clock clk (rise edge)
                          0.00  100.00   clock network delay (ideal)
                         -0.25   99.75   clock uncertainty
                          0.00   99.75   clock reconvergence pessimism
                        -20.00   79.75   output external delay
                                 79.75   data required time
-----------------------------------------------------------------------------
                                 79.75   data required time
                                -21.91   data arrival time
-----------------------------------------------------------------------------
                                 57.84   slack (MET)


