
===========================================================================
report_checks -unconstrained
============================================================================
Startpoint: In_Data[1] (input port clocked by clk)
Endpoint: Out_Data[0] (output port clocked by clk)
Path Group: clk
Path Type: max

Fanout     Cap    Slew   Delay    Time   Description
-----------------------------------------------------------------------------
                  0.00    0.00    0.00   clock clk (rise edge)
                          0.00    0.00   clock network delay (ideal)
                         20.00   20.00 v input external delay
                  0.02    0.02   20.02 v In_Data[1] (in)
     2    0.01                           In_Data[1] (net)
                  0.03    0.00   20.02 v _192_/B (sky130_fd_sc_hd__xor2_2)
                  0.07    0.16   20.18 v _192_/X (sky130_fd_sc_hd__xor2_2)
     2    0.01                           _029_ (net)
                  0.08    0.01   20.19 v _195_/A3 (sky130_fd_sc_hd__a31oi_2)
                  0.25    0.29   20.47 ^ _195_/Y (sky130_fd_sc_hd__a31oi_2)
     2    0.01                           _031_ (net)
                  0.25    0.01   20.48 ^ _203_/A1 (sky130_fd_sc_hd__o21ai_2)
                  0.08    0.13   20.61 v _203_/Y (sky130_fd_sc_hd__o21ai_2)
     2    0.01                           _038_ (net)
                  0.08    0.01   20.62 v _208_/A2 (sky130_fd_sc_hd__a21boi_2)
                  0.19    0.23   20.85 ^ _208_/Y (sky130_fd_sc_hd__a21boi_2)
     2    0.01                           _042_ (net)
                  0.19    0.01   20.85 ^ _213_/A2 (sky130_fd_sc_hd__o21ai_2)
                  0.07    0.10   20.95 v _213_/Y (sky130_fd_sc_hd__o21ai_2)
     2    0.01                           _046_ (net)
                  0.07    0.00   20.95 v _218_/B1 (sky130_fd_sc_hd__a21o_2)
                  0.05    0.22   21.17 v _218_/X (sky130_fd_sc_hd__a21o_2)
     2    0.01                           _050_ (net)
                  0.05    0.01   21.18 v _224_/A3 (sky130_fd_sc_hd__a31oi_2)
                  0.14    0.20   21.37 ^ _224_/Y (sky130_fd_sc_hd__a31oi_2)
     1    0.00                           _054_ (net)
                  0.14    0.01   21.38 ^ _225_/A (sky130_fd_sc_hd__inv_2)
                  0.05    0.07   21.45 v _225_/Y (sky130_fd_sc_hd__inv_2)
     3    0.01                           _055_ (net)
                  0.05    0.00   21.45 v _245_/A (sky130_fd_sc_hd__or2_2)
                  0.05    0.30   21.75 v _245_/X (sky130_fd_sc_hd__or2_2)
     1    0.00                           _071_ (net)
                  0.05    0.00   21.75 v _246_/B (sky130_fd_sc_hd__and2_2)
                  0.04    0.19   21.94 v _246_/X (sky130_fd_sc_hd__and2_2)
     1    0.00                           _072_ (net)
                  0.04    0.00   21.94 v _247_/A (sky130_fd_sc_hd__buf_1)
                  0.23    0.21   22.15 v _247_/X (sky130_fd_sc_hd__buf_1)
     1    0.03                           Out_Data[0] (net)
                  0.23    0.00   22.16 v Out_Data[0] (out)
                                 22.16   data arrival time

                  0.00  100.00  100.00   clock clk (rise edge)
                          0.00  100.00   clock network delay (ideal)
                         -0.25   99.75   clock uncertainty
                          0.00   99.75   clock reconvergence pessimism
                        -20.00   79.75   output external delay
                                 79.75   data required time
-----------------------------------------------------------------------------
                                 79.75   data required time
                                -22.16   data arrival time
-----------------------------------------------------------------------------
                                 57.59   slack (MET)



===========================================================================
report_checks --slack_max -0.01
============================================================================
No paths found.
