OpenROAD v2.0-4893-gb84718ffe 
This program is licensed under the BSD-3 license. See the LICENSE file for details.
Components of this program may be licensed under more restrictive licenses which must be honored.
[INFO ODB-0222] Reading LEF file: /home/farag/open_design_environment/tools/OpenLane-2022.09.08/designs/DSM/runs/RUN_2022.09.14_15.30.40/tmp/merged.nom.lef
[WARNING ODB-0220] WARNING (LEFPARS-2036): SOURCE statement is obsolete in version 5.6 and later.
The LEF parser will ignore this statement.
To avoid this warning in the future, remove this statement from the LEF file with version 5.6 or later. See file /home/farag/open_design_environment/tools/OpenLane-2022.09.08/designs/DSM/runs/RUN_2022.09.14_15.30.40/tmp/merged.nom.lef at line 68342.

[INFO ODB-0223]     Created 13 technology layers
[INFO ODB-0224]     Created 25 technology vias
[INFO ODB-0225]     Created 441 library cells
[INFO ODB-0226] Finished LEF file:  /home/farag/open_design_environment/tools/OpenLane-2022.09.08/designs/DSM/runs/RUN_2022.09.14_15.30.40/tmp/merged.nom.lef
[INFO ODB-0127] Reading DEF file: /home/farag/open_design_environment/tools/OpenLane-2022.09.08/designs/DSM/runs/RUN_2022.09.14_15.30.40/tmp/floorplan/6-pdn.def
[INFO ODB-0128] Design: DSM
[INFO ODB-0130]     Created 16 pins.
[INFO ODB-0131]     Created 418 components and 1882 component-terminals.
[INFO ODB-0132]     Created 2 special nets and 1328 connections.
[INFO ODB-0133]     Created 173 nets and 554 connections.
[INFO ODB-0134] Finished DEF file: /home/farag/open_design_environment/tools/OpenLane-2022.09.08/designs/DSM/runs/RUN_2022.09.14_15.30.40/tmp/floorplan/6-pdn.def
[INFO]: Setting RC values...
[INFO]: Setting signal min routing layer to: met1 and clock min routing layer to met1. 
[INFO]: Setting signal max routing layer to: met5 and clock max routing layer to met5. 
[INFO GPL-0002] DBU: 1000
[INFO GPL-0003] SiteSize: 460 2720
[INFO GPL-0004] CoreAreaLxLy: 5520 10880
[INFO GPL-0005] CoreAreaUxUy: 117760 122400
[INFO GPL-0006] NumInstances: 418
[INFO GPL-0007] NumPlaceInstances: 164
[INFO GPL-0008] NumFixedInstances: 254
[INFO GPL-0009] NumDummyInstances: 0
[INFO GPL-0010] NumNets: 173
[INFO GPL-0011] NumPins: 568
[INFO GPL-0012] DieAreaLxLy: 0 0
[INFO GPL-0013] DieAreaUxUy: 123530 134250
[INFO GPL-0014] CoreAreaLxLy: 5520 10880
[INFO GPL-0015] CoreAreaUxUy: 117760 122400
[INFO GPL-0016] CoreArea: 12517004800
[INFO GPL-0017] NonPlaceInstsArea: 523001600
[INFO GPL-0018] PlaceInstsArea: 1898070400
[INFO GPL-0019] Util(%): 15.83
[INFO GPL-0020] StdInstsArea: 1898070400
[INFO GPL-0021] MacroInstsArea: 0
[InitialPlace]  Iter: 1 CG residual: 0.00000010 HPWL: 3253960
[InitialPlace]  Iter: 2 CG residual: 0.00000005 HPWL: 2903446
[InitialPlace]  Iter: 3 CG residual: 0.00000004 HPWL: 2907087
[InitialPlace]  Iter: 4 CG residual: 0.00000010 HPWL: 2908353
[InitialPlace]  Iter: 5 CG residual: 0.00000005 HPWL: 2909975
[INFO GPL-0031] FillerInit: NumGCells: 263
[INFO GPL-0032] FillerInit: NumGNets: 173
[INFO GPL-0033] FillerInit: NumGPins: 568
[INFO GPL-0023] TargetDensity: 0.25
[INFO GPL-0024] AveragePlaceInstArea: 11573600
[INFO GPL-0025] IdealBinArea: 46294400
[INFO GPL-0026] IdealBinCnt: 270
[INFO GPL-0027] TotalBinArea: 12517004800
[INFO GPL-0028] BinCnt: 16 16
[INFO GPL-0029] BinSize: 7015 6970
[INFO GPL-0030] NumBins: 256
[NesterovSolve] Iter: 1 overflow: 0.893333 HPWL: 1996826
[INFO GPL-0100] worst slack 1.27e-08
[INFO GPL-0103] Weighted 17 nets.
[NesterovSolve] Iter: 10 overflow: 0.727641 HPWL: 2564039
[NesterovSolve] Iter: 20 overflow: 0.687486 HPWL: 2579720
[NesterovSolve] Iter: 30 overflow: 0.682728 HPWL: 2570519
[NesterovSolve] Iter: 40 overflow: 0.68859 HPWL: 2569146
[NesterovSolve] Iter: 50 overflow: 0.691004 HPWL: 2570208
[NesterovSolve] Iter: 60 overflow: 0.690033 HPWL: 2569960
[NesterovSolve] Iter: 70 overflow: 0.689202 HPWL: 2571339
[NesterovSolve] Iter: 80 overflow: 0.688941 HPWL: 2571712
[NesterovSolve] Iter: 90 overflow: 0.689027 HPWL: 2570417
[NesterovSolve] Iter: 100 overflow: 0.688515 HPWL: 2570174
[NesterovSolve] Iter: 110 overflow: 0.687912 HPWL: 2571161
[NesterovSolve] Iter: 120 overflow: 0.687479 HPWL: 2572066
[NesterovSolve] Iter: 130 overflow: 0.686942 HPWL: 2573126
[NesterovSolve] Iter: 140 overflow: 0.685861 HPWL: 2575864
[NesterovSolve] Iter: 150 overflow: 0.68396 HPWL: 2580040
[NesterovSolve] Iter: 160 overflow: 0.6808 HPWL: 2585702
[NesterovSolve] Iter: 170 overflow: 0.674994 HPWL: 2593083
[NesterovSolve] Iter: 180 overflow: 0.665826 HPWL: 2603851
[NesterovSolve] Iter: 190 overflow: 0.651078 HPWL: 2618637
[NesterovSolve] Iter: 200 overflow: 0.637436 HPWL: 2641439
[INFO GPL-0100] worst slack 1.27e-08
[INFO GPL-0103] Weighted 17 nets.
[NesterovSolve] Iter: 210 overflow: 0.620126 HPWL: 2672347
[NesterovSolve] Iter: 220 overflow: 0.600791 HPWL: 2710331
[NesterovSolve] Snapshot saved at iter = 220
[NesterovSolve] Iter: 230 overflow: 0.577662 HPWL: 2754702
[NesterovSolve] Iter: 240 overflow: 0.554211 HPWL: 2810498
[NesterovSolve] Iter: 250 overflow: 0.511822 HPWL: 2852751
[INFO GPL-0100] worst slack 1.27e-08
[INFO GPL-0103] Weighted 17 nets.
[NesterovSolve] Iter: 260 overflow: 0.46798 HPWL: 2890621
[NesterovSolve] Iter: 270 overflow: 0.422199 HPWL: 2905733
[NesterovSolve] Iter: 280 overflow: 0.374942 HPWL: 2918681
[NesterovSolve] Iter: 290 overflow: 0.340603 HPWL: 2950891
[NesterovSolve] Iter: 300 overflow: 0.316744 HPWL: 2960281
[NesterovSolve] Iter: 310 overflow: 0.286389 HPWL: 2952244
[INFO GPL-0100] worst slack 1.27e-08
[INFO GPL-0103] Weighted 17 nets.
[NesterovSolve] Iter: 320 overflow: 0.269695 HPWL: 2966377
[NesterovSolve] Iter: 330 overflow: 0.244818 HPWL: 2978110
[NesterovSolve] Iter: 340 overflow: 0.219065 HPWL: 2997444
[INFO GPL-0100] worst slack 1.27e-08
[INFO GPL-0103] Weighted 17 nets.
[INFO GPL-0075] Routability numCall: 1 inflationIterCnt: 1 bloatIterCnt: 0
[INFO GPL-0036] TileLxLy: 0 0
[INFO GPL-0037] TileSize: 6900 6900
[INFO GPL-0038] TileCnt: 17 19
[INFO GPL-0039] numRoutingLayers: 6
[INFO GPL-0040] NumTiles: 323
[INFO GPL-0063] TotalRouteOverflowH2: 0
[INFO GPL-0064] TotalRouteOverflowV2: 0
[INFO GPL-0065] OverflowTileCnt2: 0
[INFO GPL-0066] 0.5%RC: 0.7800000071525574
[INFO GPL-0067] 1.0%RC: 0.7444444431198968
[INFO GPL-0068] 2.0%RC: 0.699999988079071
[INFO GPL-0069] 5.0%RC: 0.6551724343464292
[INFO GPL-0070] 0.5rcK: 1
[INFO GPL-0071] 1.0rcK: 1
[INFO GPL-0072] 2.0rcK: 0
[INFO GPL-0073] 5.0rcK: 0
[INFO GPL-0074] FinalRC: 0.76222223
[NesterovSolve] Iter: 350 overflow: 0.186835 HPWL: 3008715
[NesterovSolve] Iter: 360 overflow: 0.158765 HPWL: 3046533
[INFO GPL-0100] worst slack 1.27e-08
[INFO GPL-0103] Weighted 17 nets.
[NesterovSolve] Iter: 370 overflow: 0.136834 HPWL: 3078137
[NesterovSolve] Iter: 380 overflow: 0.112475 HPWL: 3091526
[NesterovSolve] Finished with Overflow: 0.099830
[INFO]: Setting RC values...
min_report

===========================================================================
report_checks -path_delay min (Hold)
============================================================================
Startpoint: _250_ (rising edge-triggered flip-flop)
Endpoint: Out_Data[3] (output port clocked by clk)
Path Group: clk
Path Type: min

Fanout     Cap    Slew   Delay    Time   Description
-----------------------------------------------------------------------------
                  0.37    0.00    0.00 ^ _250_/CLK (sky130_fd_sc_hd__dfrtp_2)
                  0.09    0.45    0.45 ^ _250_/Q (sky130_fd_sc_hd__dfrtp_2)
     2    0.01                           u5.Data3[2] (net)
                  0.09    0.00    0.45 ^ _241_/A (sky130_fd_sc_hd__nand2_2)
                  0.04    0.05    0.51 v _241_/Y (sky130_fd_sc_hd__nand2_2)
     2    0.01                           _069_ (net)
                  0.04    0.00    0.51 v _243_/B1 (sky130_fd_sc_hd__o211a_2)
                  0.09    0.19    0.70 v _243_/X (sky130_fd_sc_hd__o211a_2)
     1    0.03                           Out_Data[3] (net)
                  0.09    0.00    0.70 v Out_Data[3] (out)
                                  0.70   data arrival time

                  0.00    0.00    0.00   clock clk (rise edge)
                          0.00    0.00   clock network delay (ideal)
                          0.25    0.25   clock uncertainty
                          0.00    0.25   clock reconvergence pessimism
                         -5.00   -4.75   output external delay
                                 -4.75   data required time
-----------------------------------------------------------------------------
                                 -4.75   data required time
                                 -0.70   data arrival time
-----------------------------------------------------------------------------
                                  5.45   slack (MET)


Startpoint: _250_ (rising edge-triggered flip-flop)
Endpoint: Out_Data[4] (output port clocked by clk)
Path Group: clk
Path Type: min

Fanout     Cap    Slew   Delay    Time   Description
-----------------------------------------------------------------------------
                  0.37    0.00    0.00 ^ _250_/CLK (sky130_fd_sc_hd__dfrtp_2)
                  0.09    0.45    0.45 ^ _250_/Q (sky130_fd_sc_hd__dfrtp_2)
     2    0.01                           u5.Data3[2] (net)
                  0.09    0.00    0.45 ^ _241_/A (sky130_fd_sc_hd__nand2_2)
                  0.04    0.05    0.51 v _241_/Y (sky130_fd_sc_hd__nand2_2)
     2    0.01                           _069_ (net)
                  0.04    0.00    0.51 v _244_/B1 (sky130_fd_sc_hd__o211a_2)
                  0.09    0.19    0.70 v _244_/X (sky130_fd_sc_hd__o211a_2)
     1    0.03                           Out_Data[4] (net)
                  0.09    0.00    0.70 v Out_Data[4] (out)
                                  0.70   data arrival time

                  0.00    0.00    0.00   clock clk (rise edge)
                          0.00    0.00   clock network delay (ideal)
                          0.25    0.25   clock uncertainty
                          0.00    0.25   clock reconvergence pessimism
                         -5.00   -4.75   output external delay
                                 -4.75   data required time
-----------------------------------------------------------------------------
                                 -4.75   data required time
                                 -0.70   data arrival time
-----------------------------------------------------------------------------
                                  5.45   slack (MET)


Startpoint: _248_ (rising edge-triggered flip-flop)
Endpoint: Out_Data[1] (output port clocked by clk)
Path Group: clk
Path Type: min

Fanout     Cap    Slew   Delay    Time   Description
-----------------------------------------------------------------------------
                  0.37    0.00    0.00 ^ _248_/CLK (sky130_fd_sc_hd__dfrtp_2)
                  0.12    0.48    0.48 ^ _248_/Q (sky130_fd_sc_hd__dfrtp_2)
     4    0.02                           u5.Data3[0] (net)
                  0.12    0.00    0.48 ^ _226_/A (sky130_fd_sc_hd__xnor2_2)
                  0.06    0.10    0.58 v _226_/Y (sky130_fd_sc_hd__xnor2_2)
     3    0.01                           _056_ (net)
                  0.06    0.00    0.58 v _227_/B (sky130_fd_sc_hd__nand2_2)
                  0.07    0.09    0.67 ^ _227_/Y (sky130_fd_sc_hd__nand2_2)
     2    0.01                           _057_ (net)
                  0.07    0.00    0.67 ^ _233_/A (sky130_fd_sc_hd__xnor2_2)
                  0.18    0.17    0.84 v _233_/Y (sky130_fd_sc_hd__xnor2_2)
     1    0.03                           Out_Data[1] (net)
                  0.18    0.00    0.85 v Out_Data[1] (out)
                                  0.85   data arrival time

                  0.00    0.00    0.00   clock clk (rise edge)
                          0.00    0.00   clock network delay (ideal)
                          0.25    0.25   clock uncertainty
                          0.00    0.25   clock reconvergence pessimism
                         -5.00   -4.75   output external delay
                                 -4.75   data required time
-----------------------------------------------------------------------------
                                 -4.75   data required time
                                 -0.85   data arrival time
-----------------------------------------------------------------------------
                                  5.60   slack (MET)


Startpoint: _249_ (rising edge-triggered flip-flop)
Endpoint: Out_Data[2] (output port clocked by clk)
Path Group: clk
Path Type: min

Fanout     Cap    Slew   Delay    Time   Description
-----------------------------------------------------------------------------
                  0.37    0.00    0.00 ^ _249_/CLK (sky130_fd_sc_hd__dfrtp_2)
                  0.06    0.42    0.42 ^ _249_/Q (sky130_fd_sc_hd__dfrtp_2)
     2    0.01                           u5.Data3[1] (net)
                  0.06    0.00    0.42 ^ _228_/B1 (sky130_fd_sc_hd__a21oi_2)
                  0.06    0.06    0.49 v _228_/Y (sky130_fd_sc_hd__a21oi_2)
     6    0.02                           _058_ (net)
                  0.06    0.00    0.49 v _236_/A (sky130_fd_sc_hd__nor2_2)
                  0.14    0.15    0.64 ^ _236_/Y (sky130_fd_sc_hd__nor2_2)
     3    0.01                           _065_ (net)
                  0.14    0.00    0.64 ^ _237_/B (sky130_fd_sc_hd__nor2_2)
                  0.03    0.06    0.70 v _237_/Y (sky130_fd_sc_hd__nor2_2)
     1    0.01                           _066_ (net)
                  0.03    0.00    0.70 v _240_/A (sky130_fd_sc_hd__xnor2_2)
                  0.21    0.24    0.94 v _240_/Y (sky130_fd_sc_hd__xnor2_2)
     1    0.03                           Out_Data[2] (net)
                  0.21    0.01    0.95 v Out_Data[2] (out)
                                  0.95   data arrival time

                  0.00    0.00    0.00   clock clk (rise edge)
                          0.00    0.00   clock network delay (ideal)
                          0.25    0.25   clock uncertainty
                          0.00    0.25   clock reconvergence pessimism
                         -5.00   -4.75   output external delay
                                 -4.75   data required time
-----------------------------------------------------------------------------
                                 -4.75   data required time
                                 -0.95   data arrival time
-----------------------------------------------------------------------------
                                  5.70   slack (MET)


Startpoint: _248_ (rising edge-triggered flip-flop)
Endpoint: Out_Data[0] (output port clocked by clk)
Path Group: clk
Path Type: min

Fanout     Cap    Slew   Delay    Time   Description
-----------------------------------------------------------------------------
                  0.37    0.00    0.00 ^ _248_/CLK (sky130_fd_sc_hd__dfrtp_2)
                  0.12    0.48    0.48 ^ _248_/Q (sky130_fd_sc_hd__dfrtp_2)
     4    0.02                           u5.Data3[0] (net)
                  0.12    0.00    0.48 ^ _226_/A (sky130_fd_sc_hd__xnor2_2)
                  0.07    0.15    0.63 ^ _226_/Y (sky130_fd_sc_hd__xnor2_2)
     3    0.01                           _056_ (net)
                  0.07    0.00    0.63 ^ _227_/B (sky130_fd_sc_hd__nand2_2)
                  0.05    0.07    0.70 v _227_/Y (sky130_fd_sc_hd__nand2_2)
     2    0.01                           _057_ (net)
                  0.05    0.00    0.70 v _246_/A (sky130_fd_sc_hd__and2_2)
                  0.03    0.15    0.85 v _246_/X (sky130_fd_sc_hd__and2_2)
     1    0.00                           _072_ (net)
                  0.03    0.00    0.85 v _247_/A (sky130_fd_sc_hd__buf_1)
                  0.20    0.21    1.06 v _247_/X (sky130_fd_sc_hd__buf_1)
     1    0.03                           Out_Data[0] (net)
                  0.20    0.00    1.06 v Out_Data[0] (out)
                                  1.06   data arrival time

                  0.00    0.00    0.00   clock clk (rise edge)
                          0.00    0.00   clock network delay (ideal)
                          0.25    0.25   clock uncertainty
                          0.00    0.25   clock reconvergence pessimism
                         -5.00   -4.75   output external delay
                                 -4.75   data required time
-----------------------------------------------------------------------------
                                 -4.75   data required time
                                 -1.06   data arrival time
-----------------------------------------------------------------------------
                                  5.81   slack (MET)


min_report_end
max_report

===========================================================================
report_checks -path_delay max (Setup)
============================================================================
Startpoint: In_Data[1] (input port clocked by clk)
Endpoint: Out_Data[0] (output port clocked by clk)
Path Group: clk
Path Type: max

Fanout     Cap    Slew   Delay    Time   Description
-----------------------------------------------------------------------------
                  0.00    0.00    0.00   clock clk (rise edge)
                          0.00    0.00   clock network delay (ideal)
                          5.00    5.00 v input external delay
                  0.03    0.02    5.02 v In_Data[1] (in)
     2    0.01                           In_Data[1] (net)
                  0.03    0.00    5.02 v _192_/B (sky130_fd_sc_hd__xor2_2)
                  0.08    0.17    5.18 v _192_/X (sky130_fd_sc_hd__xor2_2)
     2    0.01                           _029_ (net)
                  0.08    0.00    5.18 v _195_/A3 (sky130_fd_sc_hd__a31oi_2)
                  0.32    0.35    5.54 ^ _195_/Y (sky130_fd_sc_hd__a31oi_2)
     2    0.02                           _031_ (net)
                  0.32    0.00    5.54 ^ _203_/A1 (sky130_fd_sc_hd__o21ai_2)
                  0.09    0.15    5.69 v _203_/Y (sky130_fd_sc_hd__o21ai_2)
     2    0.01                           _038_ (net)
                  0.09    0.00    5.69 v _208_/A2 (sky130_fd_sc_hd__a21boi_2)
                  0.20    0.24    5.94 ^ _208_/Y (sky130_fd_sc_hd__a21boi_2)
     2    0.01                           _042_ (net)
                  0.20    0.00    5.94 ^ _213_/A2 (sky130_fd_sc_hd__o21ai_2)
                  0.07    0.11    6.05 v _213_/Y (sky130_fd_sc_hd__o21ai_2)
     2    0.01                           _046_ (net)
                  0.07    0.00    6.05 v _218_/B1 (sky130_fd_sc_hd__a21o_2)
                  0.05    0.22    6.27 v _218_/X (sky130_fd_sc_hd__a21o_2)
     2    0.01                           _050_ (net)
                  0.05    0.00    6.27 v _224_/A3 (sky130_fd_sc_hd__a31oi_2)
                  0.16    0.21    6.48 ^ _224_/Y (sky130_fd_sc_hd__a31oi_2)
     1    0.01                           _054_ (net)
                  0.16    0.00    6.48 ^ _225_/A (sky130_fd_sc_hd__inv_2)
                  0.05    0.07    6.55 v _225_/Y (sky130_fd_sc_hd__inv_2)
     3    0.01                           _055_ (net)
                  0.05    0.00    6.55 v _245_/A (sky130_fd_sc_hd__or2_2)
                  0.05    0.30    6.85 v _245_/X (sky130_fd_sc_hd__or2_2)
     1    0.00                           _071_ (net)
                  0.05    0.00    6.85 v _246_/B (sky130_fd_sc_hd__and2_2)
                  0.04    0.19    7.04 v _246_/X (sky130_fd_sc_hd__and2_2)
     1    0.00                           _072_ (net)
                  0.04    0.00    7.04 v _247_/A (sky130_fd_sc_hd__buf_1)
                  0.20    0.23    7.27 v _247_/X (sky130_fd_sc_hd__buf_1)
     1    0.03                           Out_Data[0] (net)
                  0.20    0.00    7.27 v Out_Data[0] (out)
                                  7.27   data arrival time

                  0.00   25.00   25.00   clock clk (rise edge)
                          0.00   25.00   clock network delay (ideal)
                         -0.25   24.75   clock uncertainty
                          0.00   24.75   clock reconvergence pessimism
                         -5.00   19.75   output external delay
                                 19.75   data required time
-----------------------------------------------------------------------------
                                 19.75   data required time
                                 -7.27   data arrival time
-----------------------------------------------------------------------------
                                 12.48   slack (MET)


Startpoint: In_Data[1] (input port clocked by clk)
Endpoint: Out_Data[4] (output port clocked by clk)
Path Group: clk
Path Type: max

Fanout     Cap    Slew   Delay    Time   Description
-----------------------------------------------------------------------------
                  0.00    0.00    0.00   clock clk (rise edge)
                          0.00    0.00   clock network delay (ideal)
                          5.00    5.00 v input external delay
                  0.03    0.02    5.02 v In_Data[1] (in)
     2    0.01                           In_Data[1] (net)
                  0.03    0.00    5.02 v _192_/B (sky130_fd_sc_hd__xor2_2)
                  0.08    0.17    5.18 v _192_/X (sky130_fd_sc_hd__xor2_2)
     2    0.01                           _029_ (net)
                  0.08    0.00    5.18 v _195_/A3 (sky130_fd_sc_hd__a31oi_2)
                  0.32    0.35    5.54 ^ _195_/Y (sky130_fd_sc_hd__a31oi_2)
     2    0.02                           _031_ (net)
                  0.32    0.00    5.54 ^ _203_/A1 (sky130_fd_sc_hd__o21ai_2)
                  0.09    0.15    5.69 v _203_/Y (sky130_fd_sc_hd__o21ai_2)
     2    0.01                           _038_ (net)
                  0.09    0.00    5.69 v _208_/A2 (sky130_fd_sc_hd__a21boi_2)
                  0.20    0.24    5.94 ^ _208_/Y (sky130_fd_sc_hd__a21boi_2)
     2    0.01                           _042_ (net)
                  0.20    0.00    5.94 ^ _213_/A2 (sky130_fd_sc_hd__o21ai_2)
                  0.07    0.11    6.05 v _213_/Y (sky130_fd_sc_hd__o21ai_2)
     2    0.01                           _046_ (net)
                  0.07    0.00    6.05 v _218_/B1 (sky130_fd_sc_hd__a21o_2)
                  0.05    0.22    6.27 v _218_/X (sky130_fd_sc_hd__a21o_2)
     2    0.01                           _050_ (net)
                  0.05    0.00    6.27 v _224_/A3 (sky130_fd_sc_hd__a31oi_2)
                  0.16    0.21    6.48 ^ _224_/Y (sky130_fd_sc_hd__a31oi_2)
     1    0.01                           _054_ (net)
                  0.16    0.00    6.48 ^ _225_/A (sky130_fd_sc_hd__inv_2)
                  0.05    0.07    6.55 v _225_/Y (sky130_fd_sc_hd__inv_2)
     3    0.01                           _055_ (net)
                  0.05    0.00    6.55 v _239_/A1 (sky130_fd_sc_hd__a31oi_2)
                  0.26    0.24    6.79 ^ _239_/Y (sky130_fd_sc_hd__a31oi_2)
     3    0.02                           _068_ (net)
                  0.26    0.00    6.79 ^ _244_/A2 (sky130_fd_sc_hd__o211a_2)
                  0.21    0.36    7.15 ^ _244_/X (sky130_fd_sc_hd__o211a_2)
     1    0.03                           Out_Data[4] (net)
                  0.21    0.00    7.15 ^ Out_Data[4] (out)
                                  7.15   data arrival time

                  0.00   25.00   25.00   clock clk (rise edge)
                          0.00   25.00   clock network delay (ideal)
                         -0.25   24.75   clock uncertainty
                          0.00   24.75   clock reconvergence pessimism
                         -5.00   19.75   output external delay
                                 19.75   data required time
-----------------------------------------------------------------------------
                                 19.75   data required time
                                 -7.15   data arrival time
-----------------------------------------------------------------------------
                                 12.60   slack (MET)


Startpoint: In_Data[1] (input port clocked by clk)
Endpoint: Out_Data[3] (output port clocked by clk)
Path Group: clk
Path Type: max

Fanout     Cap    Slew   Delay    Time   Description
-----------------------------------------------------------------------------
                  0.00    0.00    0.00   clock clk (rise edge)
                          0.00    0.00   clock network delay (ideal)
                          5.00    5.00 v input external delay
                  0.03    0.02    5.02 v In_Data[1] (in)
     2    0.01                           In_Data[1] (net)
                  0.03    0.00    5.02 v _192_/B (sky130_fd_sc_hd__xor2_2)
                  0.08    0.17    5.18 v _192_/X (sky130_fd_sc_hd__xor2_2)
     2    0.01                           _029_ (net)
                  0.08    0.00    5.18 v _195_/A3 (sky130_fd_sc_hd__a31oi_2)
                  0.32    0.35    5.54 ^ _195_/Y (sky130_fd_sc_hd__a31oi_2)
     2    0.02                           _031_ (net)
                  0.32    0.00    5.54 ^ _203_/A1 (sky130_fd_sc_hd__o21ai_2)
                  0.09    0.15    5.69 v _203_/Y (sky130_fd_sc_hd__o21ai_2)
     2    0.01                           _038_ (net)
                  0.09    0.00    5.69 v _208_/A2 (sky130_fd_sc_hd__a21boi_2)
                  0.20    0.24    5.94 ^ _208_/Y (sky130_fd_sc_hd__a21boi_2)
     2    0.01                           _042_ (net)
                  0.20    0.00    5.94 ^ _213_/A2 (sky130_fd_sc_hd__o21ai_2)
                  0.07    0.11    6.05 v _213_/Y (sky130_fd_sc_hd__o21ai_2)
     2    0.01                           _046_ (net)
                  0.07    0.00    6.05 v _218_/B1 (sky130_fd_sc_hd__a21o_2)
                  0.05    0.22    6.27 v _218_/X (sky130_fd_sc_hd__a21o_2)
     2    0.01                           _050_ (net)
                  0.05    0.00    6.27 v _224_/A3 (sky130_fd_sc_hd__a31oi_2)
                  0.16    0.21    6.48 ^ _224_/Y (sky130_fd_sc_hd__a31oi_2)
     1    0.01                           _054_ (net)
                  0.16    0.00    6.48 ^ _225_/A (sky130_fd_sc_hd__inv_2)
                  0.05    0.07    6.55 v _225_/Y (sky130_fd_sc_hd__inv_2)
     3    0.01                           _055_ (net)
                  0.05    0.00    6.55 v _239_/A1 (sky130_fd_sc_hd__a31oi_2)
                  0.26    0.24    6.79 ^ _239_/Y (sky130_fd_sc_hd__a31oi_2)
     3    0.02                           _068_ (net)
                  0.26    0.00    6.79 ^ _243_/A2 (sky130_fd_sc_hd__o211a_2)
                  0.21    0.36    7.15 ^ _243_/X (sky130_fd_sc_hd__o211a_2)
     1    0.03                           Out_Data[3] (net)
                  0.21    0.00    7.15 ^ Out_Data[3] (out)
                                  7.15   data arrival time

                  0.00   25.00   25.00   clock clk (rise edge)
                          0.00   25.00   clock network delay (ideal)
                         -0.25   24.75   clock uncertainty
                          0.00   24.75   clock reconvergence pessimism
                         -5.00   19.75   output external delay
                                 19.75   data required time
-----------------------------------------------------------------------------
                                 19.75   data required time
                                 -7.15   data arrival time
-----------------------------------------------------------------------------
                                 12.60   slack (MET)


Startpoint: In_Data[1] (input port clocked by clk)
Endpoint: Out_Data[2] (output port clocked by clk)
Path Group: clk
Path Type: max

Fanout     Cap    Slew   Delay    Time   Description
-----------------------------------------------------------------------------
                  0.00    0.00    0.00   clock clk (rise edge)
                          0.00    0.00   clock network delay (ideal)
                          5.00    5.00 v input external delay
                  0.03    0.02    5.02 v In_Data[1] (in)
     2    0.01                           In_Data[1] (net)
                  0.03    0.00    5.02 v _192_/B (sky130_fd_sc_hd__xor2_2)
                  0.08    0.17    5.18 v _192_/X (sky130_fd_sc_hd__xor2_2)
     2    0.01                           _029_ (net)
                  0.08    0.00    5.18 v _195_/A3 (sky130_fd_sc_hd__a31oi_2)
                  0.32    0.35    5.54 ^ _195_/Y (sky130_fd_sc_hd__a31oi_2)
     2    0.02                           _031_ (net)
                  0.32    0.00    5.54 ^ _203_/A1 (sky130_fd_sc_hd__o21ai_2)
                  0.09    0.15    5.69 v _203_/Y (sky130_fd_sc_hd__o21ai_2)
     2    0.01                           _038_ (net)
                  0.09    0.00    5.69 v _208_/A2 (sky130_fd_sc_hd__a21boi_2)
                  0.20    0.24    5.94 ^ _208_/Y (sky130_fd_sc_hd__a21boi_2)
     2    0.01                           _042_ (net)
                  0.20    0.00    5.94 ^ _213_/A2 (sky130_fd_sc_hd__o21ai_2)
                  0.07    0.11    6.05 v _213_/Y (sky130_fd_sc_hd__o21ai_2)
     2    0.01                           _046_ (net)
                  0.07    0.00    6.05 v _218_/B1 (sky130_fd_sc_hd__a21o_2)
                  0.05    0.22    6.27 v _218_/X (sky130_fd_sc_hd__a21o_2)
     2    0.01                           _050_ (net)
                  0.05    0.00    6.27 v _224_/A3 (sky130_fd_sc_hd__a31oi_2)
                  0.16    0.21    6.48 ^ _224_/Y (sky130_fd_sc_hd__a31oi_2)
     1    0.01                           _054_ (net)
                  0.16    0.00    6.48 ^ _225_/A (sky130_fd_sc_hd__inv_2)
                  0.05    0.07    6.55 v _225_/Y (sky130_fd_sc_hd__inv_2)
     3    0.01                           _055_ (net)
                  0.05    0.00    6.55 v _239_/A1 (sky130_fd_sc_hd__a31oi_2)
                  0.26    0.24    6.79 ^ _239_/Y (sky130_fd_sc_hd__a31oi_2)
     3    0.02                           _068_ (net)
                  0.26    0.00    6.79 ^ _240_/B (sky130_fd_sc_hd__xnor2_2)
                  0.59    0.30    7.09 ^ _240_/Y (sky130_fd_sc_hd__xnor2_2)
     1    0.03                           Out_Data[2] (net)
                  0.59    0.01    7.10 ^ Out_Data[2] (out)
                                  7.10   data arrival time

                  0.00   25.00   25.00   clock clk (rise edge)
                          0.00   25.00   clock network delay (ideal)
                         -0.25   24.75   clock uncertainty
                          0.00   24.75   clock reconvergence pessimism
                         -5.00   19.75   output external delay
                                 19.75   data required time
-----------------------------------------------------------------------------
                                 19.75   data required time
                                 -7.10   data arrival time
-----------------------------------------------------------------------------
                                 12.65   slack (MET)


Startpoint: In_Data[1] (input port clocked by clk)
Endpoint: Out_Data[1] (output port clocked by clk)
Path Group: clk
Path Type: max

Fanout     Cap    Slew   Delay    Time   Description
-----------------------------------------------------------------------------
                  0.00    0.00    0.00   clock clk (rise edge)
                          0.00    0.00   clock network delay (ideal)
                          5.00    5.00 ^ input external delay
                  0.06    0.04    5.04 ^ In_Data[1] (in)
     2    0.01                           In_Data[1] (net)
                  0.06    0.00    5.04 ^ _192_/B (sky130_fd_sc_hd__xor2_2)
                  0.21    0.22    5.26 ^ _192_/X (sky130_fd_sc_hd__xor2_2)
     2    0.01                           _029_ (net)
                  0.21    0.00    5.26 ^ _195_/A3 (sky130_fd_sc_hd__a31oi_2)
                  0.15    0.20    5.46 v _195_/Y (sky130_fd_sc_hd__a31oi_2)
     2    0.02                           _031_ (net)
                  0.15    0.00    5.46 v _203_/A1 (sky130_fd_sc_hd__o21ai_2)
                  0.20    0.26    5.73 ^ _203_/Y (sky130_fd_sc_hd__o21ai_2)
     2    0.01                           _038_ (net)
                  0.20    0.00    5.73 ^ _208_/A2 (sky130_fd_sc_hd__a21boi_2)
                  0.08    0.12    5.85 v _208_/Y (sky130_fd_sc_hd__a21boi_2)
     2    0.01                           _042_ (net)
                  0.08    0.00    5.85 v _213_/A2 (sky130_fd_sc_hd__o21ai_2)
                  0.18    0.20    6.05 ^ _213_/Y (sky130_fd_sc_hd__o21ai_2)
     2    0.01                           _046_ (net)
                  0.18    0.00    6.05 ^ _218_/B1 (sky130_fd_sc_hd__a21o_2)
                  0.06    0.15    6.20 ^ _218_/X (sky130_fd_sc_hd__a21o_2)
     2    0.01                           _050_ (net)
                  0.06    0.00    6.20 ^ _224_/A3 (sky130_fd_sc_hd__a31oi_2)
                  0.08    0.10    6.30 v _224_/Y (sky130_fd_sc_hd__a31oi_2)
     1    0.01                           _054_ (net)
                  0.08    0.00    6.30 v _225_/A (sky130_fd_sc_hd__inv_2)
                  0.06    0.09    6.39 ^ _225_/Y (sky130_fd_sc_hd__inv_2)
     3    0.01                           _055_ (net)
                  0.06    0.00    6.39 ^ _227_/A (sky130_fd_sc_hd__nand2_2)
                  0.07    0.07    6.46 v _227_/Y (sky130_fd_sc_hd__nand2_2)
     2    0.01                           _057_ (net)
                  0.07    0.00    6.46 v _233_/A (sky130_fd_sc_hd__xnor2_2)
                  0.52    0.48    6.94 ^ _233_/Y (sky130_fd_sc_hd__xnor2_2)
     1    0.03                           Out_Data[1] (net)
                  0.52    0.00    6.94 ^ Out_Data[1] (out)
                                  6.94   data arrival time

                  0.00   25.00   25.00   clock clk (rise edge)
                          0.00   25.00   clock network delay (ideal)
                         -0.25   24.75   clock uncertainty
                          0.00   24.75   clock reconvergence pessimism
                         -5.00   19.75   output external delay
                                 19.75   data required time
-----------------------------------------------------------------------------
                                 19.75   data required time
                                 -6.94   data arrival time
-----------------------------------------------------------------------------
                                 12.81   slack (MET)


max_report_end
check_report

===========================================================================
report_checks -unconstrained
============================================================================
Startpoint: In_Data[1] (input port clocked by clk)
Endpoint: Out_Data[0] (output port clocked by clk)
Path Group: clk
Path Type: max

Fanout     Cap    Slew   Delay    Time   Description
-----------------------------------------------------------------------------
                  0.00    0.00    0.00   clock clk (rise edge)
                          0.00    0.00   clock network delay (ideal)
                          5.00    5.00 v input external delay
                  0.03    0.02    5.02 v In_Data[1] (in)
     2    0.01                           In_Data[1] (net)
                  0.03    0.00    5.02 v _192_/B (sky130_fd_sc_hd__xor2_2)
                  0.08    0.17    5.18 v _192_/X (sky130_fd_sc_hd__xor2_2)
     2    0.01                           _029_ (net)
                  0.08    0.00    5.18 v _195_/A3 (sky130_fd_sc_hd__a31oi_2)
                  0.32    0.35    5.54 ^ _195_/Y (sky130_fd_sc_hd__a31oi_2)
     2    0.02                           _031_ (net)
                  0.32    0.00    5.54 ^ _203_/A1 (sky130_fd_sc_hd__o21ai_2)
                  0.09    0.15    5.69 v _203_/Y (sky130_fd_sc_hd__o21ai_2)
     2    0.01                           _038_ (net)
                  0.09    0.00    5.69 v _208_/A2 (sky130_fd_sc_hd__a21boi_2)
                  0.20    0.24    5.94 ^ _208_/Y (sky130_fd_sc_hd__a21boi_2)
     2    0.01                           _042_ (net)
                  0.20    0.00    5.94 ^ _213_/A2 (sky130_fd_sc_hd__o21ai_2)
                  0.07    0.11    6.05 v _213_/Y (sky130_fd_sc_hd__o21ai_2)
     2    0.01                           _046_ (net)
                  0.07    0.00    6.05 v _218_/B1 (sky130_fd_sc_hd__a21o_2)
                  0.05    0.22    6.27 v _218_/X (sky130_fd_sc_hd__a21o_2)
     2    0.01                           _050_ (net)
                  0.05    0.00    6.27 v _224_/A3 (sky130_fd_sc_hd__a31oi_2)
                  0.16    0.21    6.48 ^ _224_/Y (sky130_fd_sc_hd__a31oi_2)
     1    0.01                           _054_ (net)
                  0.16    0.00    6.48 ^ _225_/A (sky130_fd_sc_hd__inv_2)
                  0.05    0.07    6.55 v _225_/Y (sky130_fd_sc_hd__inv_2)
     3    0.01                           _055_ (net)
                  0.05    0.00    6.55 v _245_/A (sky130_fd_sc_hd__or2_2)
                  0.05    0.30    6.85 v _245_/X (sky130_fd_sc_hd__or2_2)
     1    0.00                           _071_ (net)
                  0.05    0.00    6.85 v _246_/B (sky130_fd_sc_hd__and2_2)
                  0.04    0.19    7.04 v _246_/X (sky130_fd_sc_hd__and2_2)
     1    0.00                           _072_ (net)
                  0.04    0.00    7.04 v _247_/A (sky130_fd_sc_hd__buf_1)
                  0.20    0.23    7.27 v _247_/X (sky130_fd_sc_hd__buf_1)
     1    0.03                           Out_Data[0] (net)
                  0.20    0.00    7.27 v Out_Data[0] (out)
                                  7.27   data arrival time

                  0.00   25.00   25.00   clock clk (rise edge)
                          0.00   25.00   clock network delay (ideal)
                         -0.25   24.75   clock uncertainty
                          0.00   24.75   clock reconvergence pessimism
                         -5.00   19.75   output external delay
                                 19.75   data required time
-----------------------------------------------------------------------------
                                 19.75   data required time
                                 -7.27   data arrival time
-----------------------------------------------------------------------------
                                 12.48   slack (MET)



===========================================================================
report_checks --slack_max -0.01
============================================================================
No paths found.
check_report_end
check_slew

===========================================================================
 report_check_types -max_slew -max_cap -max_fanout -violators
============================================================================
max fanout

Pin                                   Limit Fanout  Slack
---------------------------------------------------------
Clk                                       8     25    -17 (VIOLATED)
reset                                     8     25    -17 (VIOLATED)


===========================================================================
max slew violation count 0
max fanout violation count 2
max cap violation count 0
============================================================================
check_slew_end
tns_report

===========================================================================
 report_tns
============================================================================
tns 0.00
tns_report_end
wns_report

===========================================================================
 report_wns
============================================================================
wns 0.00
wns_report_end
worst_slack

===========================================================================
 report_worst_slack -max (Setup)
============================================================================
worst slack 12.48

===========================================================================
 report_worst_slack -min (Hold)
============================================================================
worst slack 5.45
worst_slack_end
clock_skew

===========================================================================
 report_clock_skew
============================================================================
Clock clk
No launch/capture paths found.

clock_skew_end
power_report

===========================================================================
 report_power
============================================================================
Group                  Internal  Switching    Leakage      Total
                          Power      Power      Power      Power (Watts)
----------------------------------------------------------------
Sequential             8.12e-06   8.67e-06   2.00e-10   1.68e-05  22.4%
Combinational          2.17e-05   3.64e-05   7.48e-10   5.82e-05  77.6%
Macro                  0.00e+00   0.00e+00   0.00e+00   0.00e+00   0.0%
Pad                    0.00e+00   0.00e+00   0.00e+00   0.00e+00   0.0%
----------------------------------------------------------------
Total                  2.99e-05   4.51e-05   9.48e-10   7.50e-05 100.0%
                          39.8%      60.2%       0.0%
power_report_end
area_report

===========================================================================
 report_design_area
============================================================================
Design area 2113 u^2 17% utilization.
area_report_end
