First Layout: /home/farag/open_design_environment/tools/OpenLane-2022.09.08/designs/DSM/runs/RUN_2022.09.14_15.30.40/results/signoff/DSM.gds
Second Layout: /home/farag/open_design_environment/tools/OpenLane-2022.09.08/designs/DSM/runs/RUN_2022.09.14_15.30.40/results/signoff/DSM.klayout.gds
Design Name: DSM
Output GDS will be: /home/farag/open_design_environment/tools/OpenLane-2022.09.08/designs/DSM/runs/RUN_2022.09.14_15.30.40/reports/signoff/DSM.xor.xml
Reading /home/farag/open_design_environment/tools/OpenLane-2022.09.08/designs/DSM/runs/RUN_2022.09.14_15.30.40/results/signoff/DSM.gds ..
Reading /home/farag/open_design_environment/tools/OpenLane-2022.09.08/designs/DSM/runs/RUN_2022.09.14_15.30.40/results/signoff/DSM.klayout.gds ..
--- Running XOR for 10/0 ---
"input" in: xor.drc:38
    Polygons (raw): 0 (flat)  0 (hierarchical)
    Elapsed: 0.010s  Memory: 548.00M
"input" in: xor.drc:38
    Polygons (raw): 672 (flat)  4 (hierarchical)
    Elapsed: 0.010s  Memory: 548.00M
"^" in: xor.drc:38
    Polygons (raw): 672 (flat)  4 (hierarchical)
    Elapsed: 0.010s  Memory: 548.00M
XOR differences: 672
"output" in: xor.drc:40
    Polygons (raw): 672 (flat)  4 (hierarchical)
    Elapsed: 0.020s  Memory: 548.00M
--- Running XOR for 11/0 ---
"input" in: xor.drc:38
    Polygons (raw): 0 (flat)  0 (hierarchical)
    Elapsed: 0.010s  Memory: 548.00M
"input" in: xor.drc:38
    Polygons (raw): 208 (flat)  10 (hierarchical)
    Elapsed: 0.010s  Memory: 548.00M
"^" in: xor.drc:38
    Polygons (raw): 208 (flat)  10 (hierarchical)
    Elapsed: 0.010s  Memory: 548.00M
XOR differences: 208
"output" in: xor.drc:40
    Polygons (raw): 208 (flat)  10 (hierarchical)
    Elapsed: 0.010s  Memory: 548.00M
--- Running XOR for 11/1 ---
"input" in: xor.drc:38
    Polygons (raw): 0 (flat)  0 (hierarchical)
    Elapsed: 0.010s  Memory: 548.00M
"input" in: xor.drc:38
    Polygons (raw): 0 (flat)  0 (hierarchical)
    Elapsed: 0.010s  Memory: 548.00M
"^" in: xor.drc:38
    Polygons (raw): 0 (flat)  0 (hierarchical)
    Elapsed: 0.020s  Memory: 548.00M
XOR differences: 0
"output" in: xor.drc:40
    Polygons (raw): 0 (flat)  0 (hierarchical)
    Elapsed: 0.010s  Memory: 548.00M
--- Running XOR for 11/2 ---
"input" in: xor.drc:38
    Polygons (raw): 0 (flat)  0 (hierarchical)
    Elapsed: 0.010s  Memory: 548.00M
"input" in: xor.drc:38
    Polygons (raw): 8 (flat)  8 (hierarchical)
    Elapsed: 0.010s  Memory: 548.00M
"^" in: xor.drc:38
    Polygons (raw): 8 (flat)  8 (hierarchical)
    Elapsed: 0.010s  Memory: 548.00M
XOR differences: 8
"output" in: xor.drc:40
    Polygons (raw): 8 (flat)  8 (hierarchical)
    Elapsed: 0.010s  Memory: 548.00M
--- Running XOR for 12/0 ---
"input" in: xor.drc:38
    Polygons (raw): 0 (flat)  0 (hierarchical)
    Elapsed: 0.010s  Memory: 548.00M
"input" in: xor.drc:38
    Polygons (raw): 32 (flat)  1 (hierarchical)
    Elapsed: 0.010s  Memory: 548.00M
"^" in: xor.drc:38
    Polygons (raw): 32 (flat)  1 (hierarchical)
    Elapsed: 0.020s  Memory: 548.00M
XOR differences: 32
"output" in: xor.drc:40
    Polygons (raw): 32 (flat)  1 (hierarchical)
    Elapsed: 0.010s  Memory: 548.00M
--- Running XOR for 122/16 ---
"input" in: xor.drc:38
    Polygons (raw): 1320 (flat)  45 (hierarchical)
    Elapsed: 0.010s  Memory: 548.00M
"input" in: xor.drc:38
    Polygons (raw): 1320 (flat)  45 (hierarchical)
    Elapsed: 0.010s  Memory: 548.00M
"^" in: xor.drc:38
    Polygons (raw): 0 (flat)  0 (hierarchical)
    Elapsed: 0.020s  Memory: 548.00M
XOR differences: 0
"output" in: xor.drc:40
    Polygons (raw): 0 (flat)  0 (hierarchical)
    Elapsed: 0.010s  Memory: 548.00M
--- Running XOR for 13/0 ---
"input" in: xor.drc:38
    Polygons (raw): 0 (flat)  0 (hierarchical)
    Elapsed: 0.010s  Memory: 548.00M
"input" in: xor.drc:38
    Polygons (raw): 40 (flat)  9 (hierarchical)
    Elapsed: 0.010s  Memory: 548.00M
"^" in: xor.drc:38
    Polygons (raw): 40 (flat)  9 (hierarchical)
    Elapsed: 0.010s  Memory: 548.00M
XOR differences: 40
"output" in: xor.drc:40
    Polygons (raw): 40 (flat)  9 (hierarchical)
    Elapsed: 0.010s  Memory: 548.00M
--- Running XOR for 13/1 ---
"input" in: xor.drc:38
    Polygons (raw): 0 (flat)  0 (hierarchical)
    Elapsed: 0.010s  Memory: 548.00M
"input" in: xor.drc:38
    Polygons (raw): 0 (flat)  0 (hierarchical)
    Elapsed: 0.020s  Memory: 548.00M
"^" in: xor.drc:38
    Polygons (raw): 0 (flat)  0 (hierarchical)
    Elapsed: 0.010s  Memory: 548.00M
XOR differences: 0
"output" in: xor.drc:40
    Polygons (raw): 0 (flat)  0 (hierarchical)
    Elapsed: 0.010s  Memory: 548.00M
--- Running XOR for 13/2 ---
"input" in: xor.drc:38
    Polygons (raw): 0 (flat)  0 (hierarchical)
    Elapsed: 0.010s  Memory: 548.00M
"input" in: xor.drc:38
    Polygons (raw): 8 (flat)  8 (hierarchical)
    Elapsed: 0.010s  Memory: 548.00M
"^" in: xor.drc:38
    Polygons (raw): 8 (flat)  8 (hierarchical)
    Elapsed: 0.010s  Memory: 548.00M
XOR differences: 8
"output" in: xor.drc:40
    Polygons (raw): 8 (flat)  8 (hierarchical)
    Elapsed: 0.010s  Memory: 548.00M
--- Running XOR for 14/0 ---
"input" in: xor.drc:38
    Polygons (raw): 0 (flat)  0 (hierarchical)
    Elapsed: 0.010s  Memory: 548.00M
"input" in: xor.drc:38
    Polygons (raw): 1 (flat)  1 (hierarchical)
    Elapsed: 0.010s  Memory: 548.00M
"^" in: xor.drc:38
    Polygons (raw): 1 (flat)  1 (hierarchical)
    Elapsed: 0.010s  Memory: 548.00M
XOR differences: 1
"output" in: xor.drc:40
    Polygons (raw): 1 (flat)  1 (hierarchical)
    Elapsed: 0.010s  Memory: 548.00M
--- Running XOR for 235/4 ---
"input" in: xor.drc:38
    Polygons (raw): 1 (flat)  1 (hierarchical)
    Elapsed: 0.010s  Memory: 548.00M
"input" in: xor.drc:38
    Polygons (raw): 0 (flat)  0 (hierarchical)
    Elapsed: 0.010s  Memory: 548.00M
"^" in: xor.drc:38
    Polygons (raw): 1 (flat)  1 (hierarchical)
    Elapsed: 0.010s  Memory: 548.00M
XOR differences: 1
"output" in: xor.drc:40
    Polygons (raw): 1 (flat)  1 (hierarchical)
    Elapsed: 0.010s  Memory: 548.00M
--- Running XOR for 236/0 ---
"input" in: xor.drc:38
    Polygons (raw): 1094 (flat)  43 (hierarchical)
    Elapsed: 0.010s  Memory: 548.00M
"input" in: xor.drc:38
    Polygons (raw): 1094 (flat)  43 (hierarchical)
    Elapsed: 0.010s  Memory: 548.00M
"^" in: xor.drc:38
    Polygons (raw): 0 (flat)  0 (hierarchical)
    Elapsed: 0.020s  Memory: 549.00M
XOR differences: 0
"output" in: xor.drc:40
    Polygons (raw): 0 (flat)  0 (hierarchical)
    Elapsed: 0.010s  Memory: 549.00M
--- Running XOR for 3/0 ---
"input" in: xor.drc:38
    Polygons (raw): 0 (flat)  0 (hierarchical)
    Elapsed: 0.010s  Memory: 549.00M
"input" in: xor.drc:38
    Polygons (raw): 572 (flat)  1 (hierarchical)
    Elapsed: 0.010s  Memory: 549.00M
"^" in: xor.drc:38
    Polygons (raw): 572 (flat)  1 (hierarchical)
    Elapsed: 0.010s  Memory: 549.00M
XOR differences: 572
"output" in: xor.drc:40
    Polygons (raw): 572 (flat)  1 (hierarchical)
    Elapsed: 0.010s  Memory: 549.00M
--- Running XOR for 4/0 ---
"input" in: xor.drc:38
    Polygons (raw): 0 (flat)  0 (hierarchical)
    Elapsed: 0.020s  Memory: 549.00M
"input" in: xor.drc:38
    Polygons (raw): 572 (flat)  1 (hierarchical)
    Elapsed: 0.010s  Memory: 549.00M
"^" in: xor.drc:38
    Polygons (raw): 572 (flat)  1 (hierarchical)
    Elapsed: 0.010s  Memory: 549.00M
XOR differences: 572
"output" in: xor.drc:40
    Polygons (raw): 572 (flat)  1 (hierarchical)
    Elapsed: 0.010s  Memory: 549.00M
--- Running XOR for 5/0 ---
"input" in: xor.drc:38
    Polygons (raw): 0 (flat)  0 (hierarchical)
    Elapsed: 0.010s  Memory: 549.00M
"input" in: xor.drc:38
    Polygons (raw): 2136 (flat)  850 (hierarchical)
    Elapsed: 0.010s  Memory: 549.00M
"^" in: xor.drc:38
    Polygons (raw): 2136 (flat)  850 (hierarchical)
    Elapsed: 0.010s  Memory: 549.00M
XOR differences: 2136
"output" in: xor.drc:40
    Polygons (raw): 2136 (flat)  850 (hierarchical)
    Elapsed: 0.020s  Memory: 549.00M
--- Running XOR for 6/0 ---
"input" in: xor.drc:38
    Polygons (raw): 0 (flat)  0 (hierarchical)
    Elapsed: 0.010s  Memory: 549.00M
"input" in: xor.drc:38
    Polygons (raw): 1389 (flat)  6 (hierarchical)
    Elapsed: 0.010s  Memory: 549.00M
"^" in: xor.drc:38
    Polygons (raw): 1389 (flat)  6 (hierarchical)
    Elapsed: 0.010s  Memory: 549.00M
XOR differences: 1389
"output" in: xor.drc:40
    Polygons (raw): 1389 (flat)  6 (hierarchical)
    Elapsed: 0.010s  Memory: 549.00M
--- Running XOR for 64/16 ---
"input" in: xor.drc:38
    Polygons (raw): 1320 (flat)  45 (hierarchical)
    Elapsed: 0.010s  Memory: 549.00M
"input" in: xor.drc:38
    Polygons (raw): 1320 (flat)  45 (hierarchical)
    Elapsed: 0.010s  Memory: 549.00M
"^" in: xor.drc:38
    Polygons (raw): 0 (flat)  0 (hierarchical)
    Elapsed: 0.010s  Memory: 549.00M
XOR differences: 0
"output" in: xor.drc:40
    Polygons (raw): 0 (flat)  0 (hierarchical)
    Elapsed: 0.010s  Memory: 549.00M
--- Running XOR for 64/20 ---
"input" in: xor.drc:38
    Polygons (raw): 1492 (flat)  46 (hierarchical)
    Elapsed: 0.020s  Memory: 549.00M
"input" in: xor.drc:38
    Polygons (raw): 1492 (flat)  46 (hierarchical)
    Elapsed: 0.010s  Memory: 549.00M
"^" in: xor.drc:38
    Polygons (raw): 0 (flat)  0 (hierarchical)
    Elapsed: 0.020s  Memory: 548.00M
XOR differences: 0
"output" in: xor.drc:40
    Polygons (raw): 0 (flat)  0 (hierarchical)
    Elapsed: 0.010s  Memory: 548.00M
--- Running XOR for 64/5 ---
"input" in: xor.drc:38
    Polygons (raw): 0 (flat)  0 (hierarchical)
    Elapsed: 0.010s  Memory: 548.00M
"input" in: xor.drc:38
    Polygons (raw): 0 (flat)  0 (hierarchical)
    Elapsed: 0.010s  Memory: 548.00M
"^" in: xor.drc:38
    Polygons (raw): 0 (flat)  0 (hierarchical)
    Elapsed: 0.020s  Memory: 548.00M
XOR differences: 0
"output" in: xor.drc:40
    Polygons (raw): 0 (flat)  0 (hierarchical)
    Elapsed: 0.010s  Memory: 548.00M
--- Running XOR for 64/59 ---
"input" in: xor.drc:38
    Polygons (raw): 0 (flat)  0 (hierarchical)
    Elapsed: 0.010s  Memory: 548.00M
"input" in: xor.drc:38
    Polygons (raw): 0 (flat)  0 (hierarchical)
    Elapsed: 0.010s  Memory: 548.00M
"^" in: xor.drc:38
    Polygons (raw): 0 (flat)  0 (hierarchical)
    Elapsed: 0.020s  Memory: 548.00M
XOR differences: 0
"output" in: xor.drc:40
    Polygons (raw): 0 (flat)  0 (hierarchical)
    Elapsed: 0.010s  Memory: 548.00M
--- Running XOR for 65/20 ---
"input" in: xor.drc:38
    Polygons (raw): 2426 (flat)  141 (hierarchical)
    Elapsed: 0.010s  Memory: 548.00M
"input" in: xor.drc:38
    Polygons (raw): 2426 (flat)  141 (hierarchical)
    Elapsed: 0.010s  Memory: 548.00M
"^" in: xor.drc:38
    Polygons (raw): 0 (flat)  0 (hierarchical)
    Elapsed: 0.020s  Memory: 549.00M
XOR differences: 0
"output" in: xor.drc:40
    Polygons (raw): 0 (flat)  0 (hierarchical)
    Elapsed: 0.010s  Memory: 549.00M
--- Running XOR for 65/44 ---
"input" in: xor.drc:38
    Polygons (raw): 344 (flat)  2 (hierarchical)
    Elapsed: 0.020s  Memory: 549.00M
"input" in: xor.drc:38
    Polygons (raw): 344 (flat)  2 (hierarchical)
    Elapsed: 0.010s  Memory: 549.00M
"^" in: xor.drc:38
    Polygons (raw): 0 (flat)  0 (hierarchical)
    Elapsed: 0.010s  Memory: 549.00M
XOR differences: 0
"output" in: xor.drc:40
    Polygons (raw): 0 (flat)  0 (hierarchical)
    Elapsed: 0.010s  Memory: 549.00M
--- Running XOR for 66/20 ---
"input" in: xor.drc:38
    Polygons (raw): 2791 (flat)  210 (hierarchical)
    Elapsed: 0.010s  Memory: 549.00M
"input" in: xor.drc:38
    Polygons (raw): 2791 (flat)  210 (hierarchical)
    Elapsed: 0.010s  Memory: 549.00M
"^" in: xor.drc:38
    Polygons (raw): 0 (flat)  0 (hierarchical)
    Elapsed: 0.030s  Memory: 549.00M
XOR differences: 0
"output" in: xor.drc:40
    Polygons (raw): 0 (flat)  0 (hierarchical)
    Elapsed: 0.010s  Memory: 549.00M
--- Running XOR for 66/44 ---
"input" in: xor.drc:38
    Polygons (raw): 11613 (flat)  1161 (hierarchical)
    Elapsed: 0.010s  Memory: 549.00M
"input" in: xor.drc:38
    Polygons (raw): 11613 (flat)  1161 (hierarchical)
    Elapsed: 0.010s  Memory: 549.00M
"^" in: xor.drc:38
    Polygons (raw): 0 (flat)  0 (hierarchical)
    Elapsed: 0.060s  Memory: 549.00M
XOR differences: 0
"output" in: xor.drc:40
    Polygons (raw): 0 (flat)  0 (hierarchical)
    Elapsed: 0.010s  Memory: 549.00M
--- Running XOR for 67/16 ---
"input" in: xor.drc:38
    Polygons (raw): 1186 (flat)  287 (hierarchical)
    Elapsed: 0.010s  Memory: 549.00M
"input" in: xor.drc:38
    Polygons (raw): 1186 (flat)  287 (hierarchical)
    Elapsed: 0.010s  Memory: 549.00M
"^" in: xor.drc:38
    Polygons (raw): 0 (flat)  0 (hierarchical)
    Elapsed: 0.020s  Memory: 549.00M
XOR differences: 0
"output" in: xor.drc:40
    Polygons (raw): 0 (flat)  0 (hierarchical)
    Elapsed: 0.010s  Memory: 549.00M
--- Running XOR for 67/20 ---
"input" in: xor.drc:38
    Polygons (raw): 7458 (flat)  984 (hierarchical)
    Elapsed: 0.010s  Memory: 549.00M
"input" in: xor.drc:38
    Polygons (raw): 6886 (flat)  412 (hierarchical)
    Elapsed: 0.010s  Memory: 549.00M
"^" in: xor.drc:38
    Polygons (raw): 16 (flat)  16 (hierarchical)
    Elapsed: 0.070s  Memory: 548.00M
XOR differences: 16
"output" in: xor.drc:40
    Polygons (raw): 16 (flat)  16 (hierarchical)
    Elapsed: 0.010s  Memory: 548.00M
--- Running XOR for 67/44 ---
"input" in: xor.drc:38
    Polygons (raw): 20842 (flat)  1340 (hierarchical)
    Elapsed: 0.010s  Memory: 548.00M
"input" in: xor.drc:38
    Polygons (raw): 20270 (flat)  768 (hierarchical)
    Elapsed: 0.010s  Memory: 548.00M
"^" in: xor.drc:38
    Polygons (raw): 572 (flat)  572 (hierarchical)
    Elapsed: 0.070s  Memory: 548.00M
XOR differences: 572
"output" in: xor.drc:40
    Polygons (raw): 572 (flat)  572 (hierarchical)
    Elapsed: 0.020s  Memory: 548.00M
--- Running XOR for 67/5 ---
"input" in: xor.drc:38
    Polygons (raw): 0 (flat)  0 (hierarchical)
    Elapsed: 0.010s  Memory: 548.00M
"input" in: xor.drc:38
    Polygons (raw): 0 (flat)  0 (hierarchical)
    Elapsed: 0.010s  Memory: 548.00M
"^" in: xor.drc:38
    Polygons (raw): 0 (flat)  0 (hierarchical)
    Elapsed: 0.010s  Memory: 548.00M
XOR differences: 0
"output" in: xor.drc:40
    Polygons (raw): 0 (flat)  0 (hierarchical)
    Elapsed: 0.010s  Memory: 548.00M
--- Running XOR for 68/16 ---
"input" in: xor.drc:38
    Polygons (raw): 2992 (flat)  94 (hierarchical)
    Elapsed: 0.010s  Memory: 548.00M
"input" in: xor.drc:38
    Polygons (raw): 2992 (flat)  94 (hierarchical)
    Elapsed: 0.020s  Memory: 548.00M
"^" in: xor.drc:38
    Polygons (raw): 0 (flat)  0 (hierarchical)
    Elapsed: 0.020s  Memory: 549.00M
XOR differences: 0
"output" in: xor.drc:40
    Polygons (raw): 0 (flat)  0 (hierarchical)
    Elapsed: 0.010s  Memory: 549.00M
--- Running XOR for 68/20 ---
"input" in: xor.drc:38
    Polygons (raw): 5723 (flat)  2651 (hierarchical)
    Elapsed: 0.010s  Memory: 549.00M
"input" in: xor.drc:38
    Polygons (raw): 3200 (flat)  128 (hierarchical)
    Elapsed: 0.010s  Memory: 549.00M
"^" in: xor.drc:38
    Polygons (raw): 527 (flat)  527 (hierarchical)
    Elapsed: 0.040s  Memory: 551.00M
XOR differences: 527
"output" in: xor.drc:40
    Polygons (raw): 527 (flat)  527 (hierarchical)
    Elapsed: 0.010s  Memory: 551.00M
--- Running XOR for 68/44 ---
"input" in: xor.drc:38
    Polygons (raw): 1389 (flat)  1389 (hierarchical)
    Elapsed: 0.020s  Memory: 551.00M
"input" in: xor.drc:38
    Polygons (raw): 0 (flat)  0 (hierarchical)
    Elapsed: 0.010s  Memory: 551.00M
"^" in: xor.drc:38
    Polygons (raw): 1389 (flat)  1389 (hierarchical)
    Elapsed: 0.010s  Memory: 551.00M
XOR differences: 1389
"output" in: xor.drc:40
    Polygons (raw): 1389 (flat)  1389 (hierarchical)
    Elapsed: 0.010s  Memory: 551.00M
--- Running XOR for 68/5 ---
"input" in: xor.drc:38
    Polygons (raw): 0 (flat)  0 (hierarchical)
    Elapsed: 0.020s  Memory: 551.00M
"input" in: xor.drc:38
    Polygons (raw): 0 (flat)  0 (hierarchical)
    Elapsed: 0.010s  Memory: 551.00M
"^" in: xor.drc:38
    Polygons (raw): 0 (flat)  0 (hierarchical)
    Elapsed: 0.010s  Memory: 551.00M
XOR differences: 0
"output" in: xor.drc:40
    Polygons (raw): 0 (flat)  0 (hierarchical)
    Elapsed: 0.010s  Memory: 551.00M
--- Running XOR for 69/16 ---
"input" in: xor.drc:38
    Polygons (raw): 8 (flat)  8 (hierarchical)
    Elapsed: 0.010s  Memory: 551.00M
"input" in: xor.drc:38
    Polygons (raw): 0 (flat)  0 (hierarchical)
    Elapsed: 0.020s  Memory: 551.00M
"^" in: xor.drc:38
    Polygons (raw): 8 (flat)  8 (hierarchical)
    Elapsed: 0.010s  Memory: 551.00M
XOR differences: 8
"output" in: xor.drc:40
    Polygons (raw): 8 (flat)  8 (hierarchical)
    Elapsed: 0.010s  Memory: 551.00M
--- Running XOR for 69/20 ---
"input" in: xor.drc:38
    Polygons (raw): 1105 (flat)  1105 (hierarchical)
    Elapsed: 0.010s  Memory: 551.00M
"input" in: xor.drc:38
    Polygons (raw): 0 (flat)  0 (hierarchical)
    Elapsed: 0.010s  Memory: 551.00M
"^" in: xor.drc:38
    Polygons (raw): 1105 (flat)  1105 (hierarchical)
    Elapsed: 0.010s  Memory: 551.00M
XOR differences: 1105
"output" in: xor.drc:40
    Polygons (raw): 1105 (flat)  1105 (hierarchical)
    Elapsed: 0.010s  Memory: 551.00M
--- Running XOR for 69/44 ---
"input" in: xor.drc:38
    Polygons (raw): 678 (flat)  678 (hierarchical)
    Elapsed: 0.020s  Memory: 551.00M
"input" in: xor.drc:38
    Polygons (raw): 0 (flat)  0 (hierarchical)
    Elapsed: 0.010s  Memory: 551.00M
"^" in: xor.drc:38
    Polygons (raw): 678 (flat)  678 (hierarchical)
    Elapsed: 0.010s  Memory: 551.00M
XOR differences: 678
"output" in: xor.drc:40
    Polygons (raw): 678 (flat)  678 (hierarchical)
    Elapsed: 0.010s  Memory: 551.00M
--- Running XOR for 7/0 ---
"input" in: xor.drc:38
    Polygons (raw): 0 (flat)  0 (hierarchical)
    Elapsed: 0.010s  Memory: 551.00M
"input" in: xor.drc:38
    Polygons (raw): 1432 (flat)  545 (hierarchical)
    Elapsed: 0.010s  Memory: 551.00M
"^" in: xor.drc:38
    Polygons (raw): 1432 (flat)  545 (hierarchical)
    Elapsed: 0.010s  Memory: 551.00M
XOR differences: 1432
"output" in: xor.drc:40
    Polygons (raw): 1432 (flat)  545 (hierarchical)
    Elapsed: 0.020s  Memory: 551.00M
--- Running XOR for 7/1 ---
"input" in: xor.drc:38
    Polygons (raw): 0 (flat)  0 (hierarchical)
    Elapsed: 0.010s  Memory: 551.00M
"input" in: xor.drc:38
    Polygons (raw): 0 (flat)  0 (hierarchical)
    Elapsed: 0.010s  Memory: 551.00M
"^" in: xor.drc:38
    Polygons (raw): 0 (flat)  0 (hierarchical)
    Elapsed: 0.010s  Memory: 551.00M
XOR differences: 0
"output" in: xor.drc:40
    Polygons (raw): 0 (flat)  0 (hierarchical)
    Elapsed: 0.010s  Memory: 551.00M
--- Running XOR for 7/2 ---
"input" in: xor.drc:38
    Polygons (raw): 0 (flat)  0 (hierarchical)
    Elapsed: 0.010s  Memory: 551.00M
"input" in: xor.drc:38
    Polygons (raw): 8 (flat)  8 (hierarchical)
    Elapsed: 0.010s  Memory: 551.00M
"^" in: xor.drc:38
    Polygons (raw): 8 (flat)  8 (hierarchical)
    Elapsed: 0.020s  Memory: 551.00M
XOR differences: 8
"output" in: xor.drc:40
    Polygons (raw): 8 (flat)  8 (hierarchical)
    Elapsed: 0.010s  Memory: 551.00M
--- Running XOR for 70/16 ---
"input" in: xor.drc:38
    Polygons (raw): 6 (flat)  6 (hierarchical)
    Elapsed: 0.010s  Memory: 551.00M
"input" in: xor.drc:38
    Polygons (raw): 0 (flat)  0 (hierarchical)
    Elapsed: 0.010s  Memory: 551.00M
"^" in: xor.drc:38
    Polygons (raw): 6 (flat)  6 (hierarchical)
    Elapsed: 0.010s  Memory: 551.00M
XOR differences: 6
"output" in: xor.drc:40
    Polygons (raw): 6 (flat)  6 (hierarchical)
    Elapsed: 0.010s  Memory: 551.00M
--- Running XOR for 70/20 ---
"input" in: xor.drc:38
    Polygons (raw): 198 (flat)  198 (hierarchical)
    Elapsed: 0.020s  Memory: 551.00M
"input" in: xor.drc:38
    Polygons (raw): 0 (flat)  0 (hierarchical)
    Elapsed: 0.010s  Memory: 551.00M
"^" in: xor.drc:38
    Polygons (raw): 198 (flat)  198 (hierarchical)
    Elapsed: 0.010s  Memory: 551.00M
XOR differences: 198
"output" in: xor.drc:40
    Polygons (raw): 198 (flat)  198 (hierarchical)
    Elapsed: 0.010s  Memory: 551.00M
--- Running XOR for 70/44 ---
"input" in: xor.drc:38
    Polygons (raw): 672 (flat)  672 (hierarchical)
    Elapsed: 0.010s  Memory: 551.00M
"input" in: xor.drc:38
    Polygons (raw): 0 (flat)  0 (hierarchical)
    Elapsed: 0.010s  Memory: 551.00M
"^" in: xor.drc:38
    Polygons (raw): 672 (flat)  672 (hierarchical)
    Elapsed: 0.010s  Memory: 551.00M
XOR differences: 672
"output" in: xor.drc:40
    Polygons (raw): 672 (flat)  672 (hierarchical)
    Elapsed: 0.020s  Memory: 551.00M
--- Running XOR for 71/16 ---
"input" in: xor.drc:38
    Polygons (raw): 8 (flat)  8 (hierarchical)
    Elapsed: 0.010s  Memory: 551.00M
"input" in: xor.drc:38
    Polygons (raw): 0 (flat)  0 (hierarchical)
    Elapsed: 0.010s  Memory: 551.00M
"^" in: xor.drc:38
    Polygons (raw): 8 (flat)  8 (hierarchical)
    Elapsed: 0.010s  Memory: 551.00M
XOR differences: 8
"output" in: xor.drc:40
    Polygons (raw): 8 (flat)  8 (hierarchical)
    Elapsed: 0.010s  Memory: 551.00M
--- Running XOR for 71/20 ---
"input" in: xor.drc:38
    Polygons (raw): 8 (flat)  8 (hierarchical)
    Elapsed: 0.010s  Memory: 551.00M
"input" in: xor.drc:38
    Polygons (raw): 0 (flat)  0 (hierarchical)
    Elapsed: 0.010s  Memory: 551.00M
"^" in: xor.drc:38
    Polygons (raw): 8 (flat)  8 (hierarchical)
    Elapsed: 0.010s  Memory: 551.00M
XOR differences: 8
"output" in: xor.drc:40
    Polygons (raw): 8 (flat)  8 (hierarchical)
    Elapsed: 0.010s  Memory: 551.00M
--- Running XOR for 71/44 ---
"input" in: xor.drc:38
    Polygons (raw): 32 (flat)  32 (hierarchical)
    Elapsed: 0.010s  Memory: 551.00M
"input" in: xor.drc:38
    Polygons (raw): 0 (flat)  0 (hierarchical)
    Elapsed: 0.020s  Memory: 551.00M
"^" in: xor.drc:38
    Polygons (raw): 32 (flat)  32 (hierarchical)
    Elapsed: 0.010s  Memory: 551.00M
XOR differences: 32
"output" in: xor.drc:40
    Polygons (raw): 32 (flat)  32 (hierarchical)
    Elapsed: 0.010s  Memory: 551.00M
--- Running XOR for 72/16 ---
"input" in: xor.drc:38
    Polygons (raw): 8 (flat)  8 (hierarchical)
    Elapsed: 0.010s  Memory: 551.00M
"input" in: xor.drc:38
    Polygons (raw): 0 (flat)  0 (hierarchical)
    Elapsed: 0.010s  Memory: 551.00M
"^" in: xor.drc:38
    Polygons (raw): 8 (flat)  8 (hierarchical)
    Elapsed: 0.010s  Memory: 551.00M
XOR differences: 8
"output" in: xor.drc:40
    Polygons (raw): 8 (flat)  8 (hierarchical)
    Elapsed: 0.010s  Memory: 551.00M
--- Running XOR for 72/20 ---
"input" in: xor.drc:38
    Polygons (raw): 8 (flat)  8 (hierarchical)
    Elapsed: 0.020s  Memory: 551.00M
"input" in: xor.drc:38
    Polygons (raw): 0 (flat)  0 (hierarchical)
    Elapsed: 0.010s  Memory: 551.00M
"^" in: xor.drc:38
    Polygons (raw): 8 (flat)  8 (hierarchical)
    Elapsed: 0.010s  Memory: 551.00M
XOR differences: 8
"output" in: xor.drc:40
    Polygons (raw): 8 (flat)  8 (hierarchical)
    Elapsed: 0.010s  Memory: 551.00M
--- Running XOR for 78/44 ---
"input" in: xor.drc:38
    Polygons (raw): 1505 (flat)  52 (hierarchical)
    Elapsed: 0.010s  Memory: 551.00M
"input" in: xor.drc:38
    Polygons (raw): 1505 (flat)  52 (hierarchical)
    Elapsed: 0.010s  Memory: 551.00M
"^" in: xor.drc:38
    Polygons (raw): 0 (flat)  0 (hierarchical)
    Elapsed: 0.020s  Memory: 551.00M
XOR differences: 0
"output" in: xor.drc:40
    Polygons (raw): 0 (flat)  0 (hierarchical)
    Elapsed: 0.010s  Memory: 551.00M
--- Running XOR for 8/0 ---
"input" in: xor.drc:38
    Polygons (raw): 0 (flat)  0 (hierarchical)
    Elapsed: 0.010s  Memory: 551.00M
"input" in: xor.drc:38
    Polygons (raw): 678 (flat)  5 (hierarchical)
    Elapsed: 0.020s  Memory: 551.00M
"^" in: xor.drc:38
    Polygons (raw): 678 (flat)  5 (hierarchical)
    Elapsed: 0.010s  Memory: 551.00M
XOR differences: 678
"output" in: xor.drc:40
    Polygons (raw): 678 (flat)  5 (hierarchical)
    Elapsed: 0.010s  Memory: 551.00M
--- Running XOR for 81/4 ---
"input" in: xor.drc:38
    Polygons (raw): 1492 (flat)  46 (hierarchical)
    Elapsed: 0.010s  Memory: 551.00M
"input" in: xor.drc:38
    Polygons (raw): 1492 (flat)  46 (hierarchical)
    Elapsed: 0.010s  Memory: 551.00M
"^" in: xor.drc:38
    Polygons (raw): 0 (flat)  0 (hierarchical)
    Elapsed: 0.020s  Memory: 551.00M
XOR differences: 0
"output" in: xor.drc:40
    Polygons (raw): 0 (flat)  0 (hierarchical)
    Elapsed: 0.010s  Memory: 551.00M
--- Running XOR for 83/44 ---
"input" in: xor.drc:38
    Polygons (raw): 0 (flat)  0 (hierarchical)
    Elapsed: 0.010s  Memory: 551.00M
"input" in: xor.drc:38
    Polygons (raw): 0 (flat)  0 (hierarchical)
    Elapsed: 0.010s  Memory: 551.00M
"^" in: xor.drc:38
    Polygons (raw): 0 (flat)  0 (hierarchical)
    Elapsed: 0.020s  Memory: 551.00M
XOR differences: 0
"output" in: xor.drc:40
    Polygons (raw): 0 (flat)  0 (hierarchical)
    Elapsed: 0.010s  Memory: 551.00M
--- Running XOR for 9/0 ---
"input" in: xor.drc:38
    Polygons (raw): 0 (flat)  0 (hierarchical)
    Elapsed: 0.010s  Memory: 551.00M
"input" in: xor.drc:38
    Polygons (raw): 516 (flat)  177 (hierarchical)
    Elapsed: 0.010s  Memory: 551.00M
"^" in: xor.drc:38
    Polygons (raw): 516 (flat)  177 (hierarchical)
    Elapsed: 0.010s  Memory: 551.00M
XOR differences: 516
"output" in: xor.drc:40
    Polygons (raw): 516 (flat)  177 (hierarchical)
    Elapsed: 0.010s  Memory: 551.00M
--- Running XOR for 9/1 ---
"input" in: xor.drc:38
    Polygons (raw): 0 (flat)  0 (hierarchical)
    Elapsed: 0.010s  Memory: 551.00M
"input" in: xor.drc:38
    Polygons (raw): 0 (flat)  0 (hierarchical)
    Elapsed: 0.010s  Memory: 551.00M
"^" in: xor.drc:38
    Polygons (raw): 0 (flat)  0 (hierarchical)
    Elapsed: 0.010s  Memory: 551.00M
XOR differences: 0
"output" in: xor.drc:40
    Polygons (raw): 0 (flat)  0 (hierarchical)
    Elapsed: 0.010s  Memory: 551.00M
--- Running XOR for 9/2 ---
"input" in: xor.drc:38
    Polygons (raw): 0 (flat)  0 (hierarchical)
    Elapsed: 0.010s  Memory: 551.00M
"input" in: xor.drc:38
    Polygons (raw): 6 (flat)  6 (hierarchical)
    Elapsed: 0.010s  Memory: 551.00M
"^" in: xor.drc:38
    Polygons (raw): 6 (flat)  6 (hierarchical)
    Elapsed: 0.010s  Memory: 551.00M
XOR differences: 6
"output" in: xor.drc:40
    Polygons (raw): 6 (flat)  6 (hierarchical)
    Elapsed: 0.020s  Memory: 551.00M
--- Running XOR for 93/44 ---
"input" in: xor.drc:38
    Polygons (raw): 1664 (flat)  47 (hierarchical)
    Elapsed: 0.010s  Memory: 551.00M
"input" in: xor.drc:38
    Polygons (raw): 1664 (flat)  47 (hierarchical)
    Elapsed: 0.010s  Memory: 551.00M
"^" in: xor.drc:38
    Polygons (raw): 0 (flat)  0 (hierarchical)
    Elapsed: 0.020s  Memory: 552.00M
XOR differences: 0
"output" in: xor.drc:40
    Polygons (raw): 0 (flat)  0 (hierarchical)
    Elapsed: 0.010s  Memory: 552.00M
--- Running XOR for 94/20 ---
"input" in: xor.drc:38
    Polygons (raw): 1664 (flat)  47 (hierarchical)
    Elapsed: 0.010s  Memory: 552.00M
"input" in: xor.drc:38
    Polygons (raw): 1664 (flat)  47 (hierarchical)
    Elapsed: 0.010s  Memory: 552.00M
"^" in: xor.drc:38
    Polygons (raw): 0 (flat)  0 (hierarchical)
    Elapsed: 0.020s  Memory: 552.00M
XOR differences: 0
"output" in: xor.drc:40
    Polygons (raw): 0 (flat)  0 (hierarchical)
    Elapsed: 0.010s  Memory: 552.00M
--- Running XOR for 95/20 ---
"input" in: xor.drc:38
    Polygons (raw): 1124 (flat)  51 (hierarchical)
    Elapsed: 0.010s  Memory: 552.00M
"input" in: xor.drc:38
    Polygons (raw): 1124 (flat)  51 (hierarchical)
    Elapsed: 0.010s  Memory: 552.00M
"^" in: xor.drc:38
    Polygons (raw): 0 (flat)  0 (hierarchical)
    Elapsed: 0.020s  Memory: 552.00M
XOR differences: 0
"output" in: xor.drc:40
    Polygons (raw): 0 (flat)  0 (hierarchical)
    Elapsed: 0.010s  Memory: 552.00M
Writing report database: /home/farag/open_design_environment/tools/OpenLane-2022.09.08/designs/DSM/runs/RUN_2022.09.14_15.30.40/reports/signoff/DSM.xor.xml ..
Total elapsed: 2.950s  Memory: 552.00M
