OpenROAD v2.0-4893-gb84718ffe 
This program is licensed under the BSD-3 license. See the LICENSE file for details.
Components of this program may be licensed under more restrictive licenses which must be honored.
[INFO ODB-0222] Reading LEF file: /home/farag/open_design_environment/tools/OpenLane-2022.09.08/designs/DSM/runs/RUN_2022.10.02_17.39.07/tmp/merged.nom.lef
[WARNING ODB-0220] WARNING (LEFPARS-2036): SOURCE statement is obsolete in version 5.6 and later.
The LEF parser will ignore this statement.
To avoid this warning in the future, remove this statement from the LEF file with version 5.6 or later. See file /home/farag/open_design_environment/tools/OpenLane-2022.09.08/designs/DSM/runs/RUN_2022.10.02_17.39.07/tmp/merged.nom.lef at line 68342.

[INFO ODB-0223]     Created 13 technology layers
[INFO ODB-0224]     Created 25 technology vias
[INFO ODB-0225]     Created 441 library cells
[INFO ODB-0226] Finished LEF file:  /home/farag/open_design_environment/tools/OpenLane-2022.09.08/designs/DSM/runs/RUN_2022.10.02_17.39.07/tmp/merged.nom.lef
[INFO ODB-0127] Reading DEF file: /home/farag/open_design_environment/tools/OpenLane-2022.09.08/designs/DSM/runs/RUN_2022.10.02_17.39.07/tmp/routing/15-resizer_timing.buffers_removed.def
[INFO ODB-0128] Design: DSM
[INFO ODB-0130]     Created 33 pins.
[INFO ODB-0131]     Created 438 components and 2002 component-terminals.
[INFO ODB-0132]     Created 2 special nets and 1408 connections.
[INFO ODB-0133]     Created 210 nets and 594 connections.
[INFO ODB-0134] Finished DEF file: /home/farag/open_design_environment/tools/OpenLane-2022.09.08/designs/DSM/runs/RUN_2022.10.02_17.39.07/tmp/routing/15-resizer_timing.buffers_removed.def
[WARNING DPL-0037] Use remove_fillers before detailed placement.
Placement Analysis
---------------------------------
total displacement          0.0 u
average displacement        0.0 u
max displacement            0.0 u
original HPWL            4171.9 u
legalized HPWL           4286.9 u
delta HPWL                    3 %

[INFO DPL-0020] Mirrored 63 instances
[INFO DPL-0021] HPWL before            4286.9 u
[INFO DPL-0022] HPWL after             4171.9 u
[INFO DPL-0023] HPWL delta               -2.7 %
