First Layout: /home/farag/open_design_environment/tools/OpenLane-2022.09.08/designs/DSM/runs/RUN_2022.10.02_17.39.07/results/signoff/DSM.gds
Second Layout: /home/farag/open_design_environment/tools/OpenLane-2022.09.08/designs/DSM/runs/RUN_2022.10.02_17.39.07/results/signoff/DSM.klayout.gds
Design Name: DSM
Output GDS will be: /home/farag/open_design_environment/tools/OpenLane-2022.09.08/designs/DSM/runs/RUN_2022.10.02_17.39.07/reports/signoff/DSM.xor.xml
Reading /home/farag/open_design_environment/tools/OpenLane-2022.09.08/designs/DSM/runs/RUN_2022.10.02_17.39.07/results/signoff/DSM.gds ..
Reading /home/farag/open_design_environment/tools/OpenLane-2022.09.08/designs/DSM/runs/RUN_2022.10.02_17.39.07/results/signoff/DSM.klayout.gds ..
--- Running XOR for 10/0 ---
"input" in: xor.drc:38
    Polygons (raw): 0 (flat)  0 (hierarchical)
    Elapsed: 0.010s  Memory: 548.00M
"input" in: xor.drc:38
    Polygons (raw): 672 (flat)  4 (hierarchical)
    Elapsed: 0.010s  Memory: 548.00M
"^" in: xor.drc:38
    Polygons (raw): 672 (flat)  4 (hierarchical)
    Elapsed: 0.010s  Memory: 548.00M
XOR differences: 672
"output" in: xor.drc:40
    Polygons (raw): 672 (flat)  4 (hierarchical)
    Elapsed: 0.020s  Memory: 548.00M
--- Running XOR for 11/0 ---
"input" in: xor.drc:38
    Polygons (raw): 0 (flat)  0 (hierarchical)
    Elapsed: 0.030s  Memory: 548.00M
"input" in: xor.drc:38
    Polygons (raw): 208 (flat)  10 (hierarchical)
    Elapsed: 0.010s  Memory: 548.00M
"^" in: xor.drc:38
    Polygons (raw): 208 (flat)  10 (hierarchical)
    Elapsed: 0.010s  Memory: 548.00M
XOR differences: 208
"output" in: xor.drc:40
    Polygons (raw): 208 (flat)  10 (hierarchical)
    Elapsed: 0.010s  Memory: 548.00M
--- Running XOR for 11/1 ---
"input" in: xor.drc:38
    Polygons (raw): 0 (flat)  0 (hierarchical)
    Elapsed: 0.010s  Memory: 548.00M
"input" in: xor.drc:38
    Polygons (raw): 0 (flat)  0 (hierarchical)
    Elapsed: 0.020s  Memory: 548.00M
"^" in: xor.drc:38
    Polygons (raw): 0 (flat)  0 (hierarchical)
    Elapsed: 0.010s  Memory: 548.00M
XOR differences: 0
"output" in: xor.drc:40
    Polygons (raw): 0 (flat)  0 (hierarchical)
    Elapsed: 0.010s  Memory: 548.00M
--- Running XOR for 11/2 ---
"input" in: xor.drc:38
    Polygons (raw): 0 (flat)  0 (hierarchical)
    Elapsed: 0.020s  Memory: 548.00M
"input" in: xor.drc:38
    Polygons (raw): 8 (flat)  8 (hierarchical)
    Elapsed: 0.010s  Memory: 548.00M
"^" in: xor.drc:38
    Polygons (raw): 8 (flat)  8 (hierarchical)
    Elapsed: 0.010s  Memory: 548.00M
XOR differences: 8
"output" in: xor.drc:40
    Polygons (raw): 8 (flat)  8 (hierarchical)
    Elapsed: 0.010s  Memory: 548.00M
--- Running XOR for 12/0 ---
"input" in: xor.drc:38
    Polygons (raw): 0 (flat)  0 (hierarchical)
    Elapsed: 0.010s  Memory: 548.00M
"input" in: xor.drc:38
    Polygons (raw): 32 (flat)  1 (hierarchical)
    Elapsed: 0.010s  Memory: 548.00M
"^" in: xor.drc:38
    Polygons (raw): 32 (flat)  1 (hierarchical)
    Elapsed: 0.010s  Memory: 548.00M
XOR differences: 32
"output" in: xor.drc:40
    Polygons (raw): 32 (flat)  1 (hierarchical)
    Elapsed: 0.010s  Memory: 548.00M
--- Running XOR for 122/16 ---
"input" in: xor.drc:38
    Polygons (raw): 1301 (flat)  47 (hierarchical)
    Elapsed: 0.010s  Memory: 548.00M
"input" in: xor.drc:38
    Polygons (raw): 1301 (flat)  47 (hierarchical)
    Elapsed: 0.010s  Memory: 548.00M
"^" in: xor.drc:38
    Polygons (raw): 0 (flat)  0 (hierarchical)
    Elapsed: 0.020s  Memory: 548.00M
XOR differences: 0
"output" in: xor.drc:40
    Polygons (raw): 0 (flat)  0 (hierarchical)
    Elapsed: 0.010s  Memory: 548.00M
--- Running XOR for 13/0 ---
"input" in: xor.drc:38
    Polygons (raw): 0 (flat)  0 (hierarchical)
    Elapsed: 0.010s  Memory: 548.00M
"input" in: xor.drc:38
    Polygons (raw): 40 (flat)  9 (hierarchical)
    Elapsed: 0.010s  Memory: 548.00M
"^" in: xor.drc:38
    Polygons (raw): 40 (flat)  9 (hierarchical)
    Elapsed: 0.020s  Memory: 548.00M
XOR differences: 40
"output" in: xor.drc:40
    Polygons (raw): 40 (flat)  9 (hierarchical)
    Elapsed: 0.010s  Memory: 548.00M
--- Running XOR for 13/1 ---
"input" in: xor.drc:38
    Polygons (raw): 0 (flat)  0 (hierarchical)
    Elapsed: 0.010s  Memory: 548.00M
"input" in: xor.drc:38
    Polygons (raw): 0 (flat)  0 (hierarchical)
    Elapsed: 0.010s  Memory: 548.00M
"^" in: xor.drc:38
    Polygons (raw): 0 (flat)  0 (hierarchical)
    Elapsed: 0.010s  Memory: 548.00M
XOR differences: 0
"output" in: xor.drc:40
    Polygons (raw): 0 (flat)  0 (hierarchical)
    Elapsed: 0.010s  Memory: 548.00M
--- Running XOR for 13/2 ---
"input" in: xor.drc:38
    Polygons (raw): 0 (flat)  0 (hierarchical)
    Elapsed: 0.010s  Memory: 548.00M
"input" in: xor.drc:38
    Polygons (raw): 8 (flat)  8 (hierarchical)
    Elapsed: 0.010s  Memory: 548.00M
"^" in: xor.drc:38
    Polygons (raw): 8 (flat)  8 (hierarchical)
    Elapsed: 0.010s  Memory: 548.00M
XOR differences: 8
"output" in: xor.drc:40
    Polygons (raw): 8 (flat)  8 (hierarchical)
    Elapsed: 0.010s  Memory: 548.00M
--- Running XOR for 14/0 ---
"input" in: xor.drc:38
    Polygons (raw): 0 (flat)  0 (hierarchical)
    Elapsed: 0.010s  Memory: 548.00M
"input" in: xor.drc:38
    Polygons (raw): 1 (flat)  1 (hierarchical)
    Elapsed: 0.010s  Memory: 548.00M
"^" in: xor.drc:38
    Polygons (raw): 1 (flat)  1 (hierarchical)
    Elapsed: 0.010s  Memory: 548.00M
XOR differences: 1
"output" in: xor.drc:40
    Polygons (raw): 1 (flat)  1 (hierarchical)
    Elapsed: 0.010s  Memory: 548.00M
--- Running XOR for 235/4 ---
"input" in: xor.drc:38
    Polygons (raw): 1 (flat)  1 (hierarchical)
    Elapsed: 0.010s  Memory: 548.00M
"input" in: xor.drc:38
    Polygons (raw): 0 (flat)  0 (hierarchical)
    Elapsed: 0.010s  Memory: 548.00M
"^" in: xor.drc:38
    Polygons (raw): 1 (flat)  1 (hierarchical)
    Elapsed: 0.010s  Memory: 548.00M
XOR differences: 1
"output" in: xor.drc:40
    Polygons (raw): 1 (flat)  1 (hierarchical)
    Elapsed: 0.010s  Memory: 548.00M
--- Running XOR for 236/0 ---
"input" in: xor.drc:38
    Polygons (raw): 1084 (flat)  45 (hierarchical)
    Elapsed: 0.010s  Memory: 548.00M
"input" in: xor.drc:38
    Polygons (raw): 1084 (flat)  45 (hierarchical)
    Elapsed: 0.010s  Memory: 548.00M
"^" in: xor.drc:38
    Polygons (raw): 0 (flat)  0 (hierarchical)
    Elapsed: 0.010s  Memory: 549.00M
XOR differences: 0
"output" in: xor.drc:40
    Polygons (raw): 0 (flat)  0 (hierarchical)
    Elapsed: 0.020s  Memory: 549.00M
--- Running XOR for 3/0 ---
"input" in: xor.drc:38
    Polygons (raw): 0 (flat)  0 (hierarchical)
    Elapsed: 0.010s  Memory: 549.00M
"input" in: xor.drc:38
    Polygons (raw): 568 (flat)  1 (hierarchical)
    Elapsed: 0.010s  Memory: 549.00M
"^" in: xor.drc:38
    Polygons (raw): 568 (flat)  1 (hierarchical)
    Elapsed: 0.010s  Memory: 549.00M
XOR differences: 568
"output" in: xor.drc:40
    Polygons (raw): 568 (flat)  1 (hierarchical)
    Elapsed: 0.010s  Memory: 549.00M
--- Running XOR for 4/0 ---
"input" in: xor.drc:38
    Polygons (raw): 0 (flat)  0 (hierarchical)
    Elapsed: 0.010s  Memory: 549.00M
"input" in: xor.drc:38
    Polygons (raw): 568 (flat)  1 (hierarchical)
    Elapsed: 0.010s  Memory: 549.00M
"^" in: xor.drc:38
    Polygons (raw): 568 (flat)  1 (hierarchical)
    Elapsed: 0.020s  Memory: 549.00M
XOR differences: 568
"output" in: xor.drc:40
    Polygons (raw): 568 (flat)  1 (hierarchical)
    Elapsed: 0.010s  Memory: 549.00M
--- Running XOR for 5/0 ---
"input" in: xor.drc:38
    Polygons (raw): 0 (flat)  0 (hierarchical)
    Elapsed: 0.010s  Memory: 549.00M
"input" in: xor.drc:38
    Polygons (raw): 2179 (flat)  858 (hierarchical)
    Elapsed: 0.010s  Memory: 549.00M
"^" in: xor.drc:38
    Polygons (raw): 2179 (flat)  858 (hierarchical)
    Elapsed: 0.010s  Memory: 549.00M
XOR differences: 2179
"output" in: xor.drc:40
    Polygons (raw): 2179 (flat)  858 (hierarchical)
    Elapsed: 0.010s  Memory: 549.00M
--- Running XOR for 6/0 ---
"input" in: xor.drc:38
    Polygons (raw): 0 (flat)  0 (hierarchical)
    Elapsed: 0.020s  Memory: 549.00M
"input" in: xor.drc:38
    Polygons (raw): 1428 (flat)  6 (hierarchical)
    Elapsed: 0.010s  Memory: 549.00M
"^" in: xor.drc:38
    Polygons (raw): 1428 (flat)  6 (hierarchical)
    Elapsed: 0.010s  Memory: 549.00M
XOR differences: 1428
"output" in: xor.drc:40
    Polygons (raw): 1428 (flat)  6 (hierarchical)
    Elapsed: 0.010s  Memory: 549.00M
--- Running XOR for 64/16 ---
"input" in: xor.drc:38
    Polygons (raw): 1301 (flat)  47 (hierarchical)
    Elapsed: 0.010s  Memory: 549.00M
"input" in: xor.drc:38
    Polygons (raw): 1301 (flat)  47 (hierarchical)
    Elapsed: 0.010s  Memory: 549.00M
"^" in: xor.drc:38
    Polygons (raw): 0 (flat)  0 (hierarchical)
    Elapsed: 0.020s  Memory: 549.00M
XOR differences: 0
"output" in: xor.drc:40
    Polygons (raw): 0 (flat)  0 (hierarchical)
    Elapsed: 0.010s  Memory: 549.00M
--- Running XOR for 64/20 ---
"input" in: xor.drc:38
    Polygons (raw): 1473 (flat)  48 (hierarchical)
    Elapsed: 0.010s  Memory: 549.00M
"input" in: xor.drc:38
    Polygons (raw): 1473 (flat)  48 (hierarchical)
    Elapsed: 0.020s  Memory: 549.00M
"^" in: xor.drc:38
    Polygons (raw): 0 (flat)  0 (hierarchical)
    Elapsed: 0.020s  Memory: 548.00M
XOR differences: 0
"output" in: xor.drc:40
    Polygons (raw): 0 (flat)  0 (hierarchical)
    Elapsed: 0.010s  Memory: 548.00M
--- Running XOR for 64/5 ---
"input" in: xor.drc:38
    Polygons (raw): 0 (flat)  0 (hierarchical)
    Elapsed: 0.010s  Memory: 548.00M
"input" in: xor.drc:38
    Polygons (raw): 0 (flat)  0 (hierarchical)
    Elapsed: 0.010s  Memory: 548.00M
"^" in: xor.drc:38
    Polygons (raw): 0 (flat)  0 (hierarchical)
    Elapsed: 0.020s  Memory: 548.00M
XOR differences: 0
"output" in: xor.drc:40
    Polygons (raw): 0 (flat)  0 (hierarchical)
    Elapsed: 0.010s  Memory: 548.00M
--- Running XOR for 64/59 ---
"input" in: xor.drc:38
    Polygons (raw): 0 (flat)  0 (hierarchical)
    Elapsed: 0.010s  Memory: 548.00M
"input" in: xor.drc:38
    Polygons (raw): 0 (flat)  0 (hierarchical)
    Elapsed: 0.010s  Memory: 548.00M
"^" in: xor.drc:38
    Polygons (raw): 0 (flat)  0 (hierarchical)
    Elapsed: 0.010s  Memory: 548.00M
XOR differences: 0
"output" in: xor.drc:40
    Polygons (raw): 0 (flat)  0 (hierarchical)
    Elapsed: 0.020s  Memory: 548.00M
--- Running XOR for 65/20 ---
"input" in: xor.drc:38
    Polygons (raw): 2406 (flat)  145 (hierarchical)
    Elapsed: 0.010s  Memory: 548.00M
"input" in: xor.drc:38
    Polygons (raw): 2406 (flat)  145 (hierarchical)
    Elapsed: 0.010s  Memory: 548.00M
"^" in: xor.drc:38
    Polygons (raw): 0 (flat)  0 (hierarchical)
    Elapsed: 0.020s  Memory: 549.00M
XOR differences: 0
"output" in: xor.drc:40
    Polygons (raw): 0 (flat)  0 (hierarchical)
    Elapsed: 0.010s  Memory: 549.00M
--- Running XOR for 65/44 ---
"input" in: xor.drc:38
    Polygons (raw): 344 (flat)  2 (hierarchical)
    Elapsed: 0.010s  Memory: 549.00M
"input" in: xor.drc:38
    Polygons (raw): 344 (flat)  2 (hierarchical)
    Elapsed: 0.010s  Memory: 549.00M
"^" in: xor.drc:38
    Polygons (raw): 0 (flat)  0 (hierarchical)
    Elapsed: 0.020s  Memory: 549.00M
XOR differences: 0
"output" in: xor.drc:40
    Polygons (raw): 0 (flat)  0 (hierarchical)
    Elapsed: 0.010s  Memory: 549.00M
--- Running XOR for 66/20 ---
"input" in: xor.drc:38
    Polygons (raw): 2771 (flat)  218 (hierarchical)
    Elapsed: 0.010s  Memory: 549.00M
"input" in: xor.drc:38
    Polygons (raw): 2771 (flat)  218 (hierarchical)
    Elapsed: 0.010s  Memory: 549.00M
"^" in: xor.drc:38
    Polygons (raw): 0 (flat)  0 (hierarchical)
    Elapsed: 0.030s  Memory: 549.00M
XOR differences: 0
"output" in: xor.drc:40
    Polygons (raw): 0 (flat)  0 (hierarchical)
    Elapsed: 0.020s  Memory: 549.00M
--- Running XOR for 66/44 ---
"input" in: xor.drc:38
    Polygons (raw): 11539 (flat)  1219 (hierarchical)
    Elapsed: 0.010s  Memory: 549.00M
"input" in: xor.drc:38
    Polygons (raw): 11539 (flat)  1219 (hierarchical)
    Elapsed: 0.010s  Memory: 549.00M
"^" in: xor.drc:38
    Polygons (raw): 0 (flat)  0 (hierarchical)
    Elapsed: 0.050s  Memory: 549.00M
XOR differences: 0
"output" in: xor.drc:40
    Polygons (raw): 0 (flat)  0 (hierarchical)
    Elapsed: 0.010s  Memory: 549.00M
--- Running XOR for 67/16 ---
"input" in: xor.drc:38
    Polygons (raw): 1171 (flat)  295 (hierarchical)
    Elapsed: 0.010s  Memory: 549.00M
"input" in: xor.drc:38
    Polygons (raw): 1171 (flat)  295 (hierarchical)
    Elapsed: 0.020s  Memory: 549.00M
"^" in: xor.drc:38
    Polygons (raw): 0 (flat)  0 (hierarchical)
    Elapsed: 0.010s  Memory: 549.00M
XOR differences: 0
"output" in: xor.drc:40
    Polygons (raw): 0 (flat)  0 (hierarchical)
    Elapsed: 0.010s  Memory: 549.00M
--- Running XOR for 67/20 ---
"input" in: xor.drc:38
    Polygons (raw): 7431 (flat)  993 (hierarchical)
    Elapsed: 0.010s  Memory: 549.00M
"input" in: xor.drc:38
    Polygons (raw): 6863 (flat)  425 (hierarchical)
    Elapsed: 0.010s  Memory: 549.00M
"^" in: xor.drc:38
    Polygons (raw): 16 (flat)  16 (hierarchical)
    Elapsed: 0.070s  Memory: 554.00M
XOR differences: 16
"output" in: xor.drc:40
    Polygons (raw): 16 (flat)  16 (hierarchical)
    Elapsed: 0.010s  Memory: 554.00M
--- Running XOR for 67/44 ---
"input" in: xor.drc:38
    Polygons (raw): 20838 (flat)  1368 (hierarchical)
    Elapsed: 0.010s  Memory: 554.00M
"input" in: xor.drc:38
    Polygons (raw): 20270 (flat)  800 (hierarchical)
    Elapsed: 0.010s  Memory: 554.00M
"^" in: xor.drc:38
    Polygons (raw): 568 (flat)  568 (hierarchical)
    Elapsed: 0.080s  Memory: 554.00M
XOR differences: 568
"output" in: xor.drc:40
    Polygons (raw): 568 (flat)  568 (hierarchical)
    Elapsed: 0.010s  Memory: 554.00M
--- Running XOR for 67/5 ---
"input" in: xor.drc:38
    Polygons (raw): 0 (flat)  0 (hierarchical)
    Elapsed: 0.010s  Memory: 554.00M
"input" in: xor.drc:38
    Polygons (raw): 0 (flat)  0 (hierarchical)
    Elapsed: 0.010s  Memory: 554.00M
"^" in: xor.drc:38
    Polygons (raw): 0 (flat)  0 (hierarchical)
    Elapsed: 0.020s  Memory: 554.00M
XOR differences: 0
"output" in: xor.drc:40
    Polygons (raw): 0 (flat)  0 (hierarchical)
    Elapsed: 0.010s  Memory: 554.00M
--- Running XOR for 68/16 ---
"input" in: xor.drc:38
    Polygons (raw): 2952 (flat)  98 (hierarchical)
    Elapsed: 0.010s  Memory: 554.00M
"input" in: xor.drc:38
    Polygons (raw): 2952 (flat)  98 (hierarchical)
    Elapsed: 0.010s  Memory: 554.00M
"^" in: xor.drc:38
    Polygons (raw): 0 (flat)  0 (hierarchical)
    Elapsed: 0.030s  Memory: 554.00M
XOR differences: 0
"output" in: xor.drc:40
    Polygons (raw): 0 (flat)  0 (hierarchical)
    Elapsed: 0.010s  Memory: 554.00M
--- Running XOR for 68/20 ---
"input" in: xor.drc:38
    Polygons (raw): 5776 (flat)  2746 (hierarchical)
    Elapsed: 0.010s  Memory: 554.00M
"input" in: xor.drc:38
    Polygons (raw): 3162 (flat)  132 (hierarchical)
    Elapsed: 0.010s  Memory: 554.00M
"^" in: xor.drc:38
    Polygons (raw): 543 (flat)  543 (hierarchical)
    Elapsed: 0.030s  Memory: 554.00M
XOR differences: 543
"output" in: xor.drc:40
    Polygons (raw): 543 (flat)  543 (hierarchical)
    Elapsed: 0.010s  Memory: 554.00M
--- Running XOR for 68/44 ---
"input" in: xor.drc:38
    Polygons (raw): 1428 (flat)  1428 (hierarchical)
    Elapsed: 0.010s  Memory: 554.00M
"input" in: xor.drc:38
    Polygons (raw): 0 (flat)  0 (hierarchical)
    Elapsed: 0.010s  Memory: 554.00M
"^" in: xor.drc:38
    Polygons (raw): 1428 (flat)  1428 (hierarchical)
    Elapsed: 0.020s  Memory: 554.00M
XOR differences: 1428
"output" in: xor.drc:40
    Polygons (raw): 1428 (flat)  1428 (hierarchical)
    Elapsed: 0.010s  Memory: 554.00M
--- Running XOR for 68/5 ---
"input" in: xor.drc:38
    Polygons (raw): 0 (flat)  0 (hierarchical)
    Elapsed: 0.010s  Memory: 554.00M
"input" in: xor.drc:38
    Polygons (raw): 0 (flat)  0 (hierarchical)
    Elapsed: 0.010s  Memory: 554.00M
"^" in: xor.drc:38
    Polygons (raw): 0 (flat)  0 (hierarchical)
    Elapsed: 0.010s  Memory: 554.00M
XOR differences: 0
"output" in: xor.drc:40
    Polygons (raw): 0 (flat)  0 (hierarchical)
    Elapsed: 0.020s  Memory: 554.00M
--- Running XOR for 69/16 ---
"input" in: xor.drc:38
    Polygons (raw): 16 (flat)  16 (hierarchical)
    Elapsed: 0.010s  Memory: 554.00M
"input" in: xor.drc:38
    Polygons (raw): 0 (flat)  0 (hierarchical)
    Elapsed: 0.010s  Memory: 554.00M
"^" in: xor.drc:38
    Polygons (raw): 16 (flat)  16 (hierarchical)
    Elapsed: 0.010s  Memory: 554.00M
XOR differences: 16
"output" in: xor.drc:40
    Polygons (raw): 16 (flat)  16 (hierarchical)
    Elapsed: 0.010s  Memory: 554.00M
--- Running XOR for 69/20 ---
"input" in: xor.drc:38
    Polygons (raw): 1177 (flat)  1177 (hierarchical)
    Elapsed: 0.010s  Memory: 554.00M
"input" in: xor.drc:38
    Polygons (raw): 0 (flat)  0 (hierarchical)
    Elapsed: 0.010s  Memory: 554.00M
"^" in: xor.drc:38
    Polygons (raw): 1177 (flat)  1177 (hierarchical)
    Elapsed: 0.020s  Memory: 554.00M
XOR differences: 1177
"output" in: xor.drc:40
    Polygons (raw): 1177 (flat)  1177 (hierarchical)
    Elapsed: 0.010s  Memory: 554.00M
--- Running XOR for 69/44 ---
"input" in: xor.drc:38
    Polygons (raw): 678 (flat)  678 (hierarchical)
    Elapsed: 0.010s  Memory: 554.00M
"input" in: xor.drc:38
    Polygons (raw): 0 (flat)  0 (hierarchical)
    Elapsed: 0.010s  Memory: 554.00M
"^" in: xor.drc:38
    Polygons (raw): 678 (flat)  678 (hierarchical)
    Elapsed: 0.010s  Memory: 554.00M
XOR differences: 678
"output" in: xor.drc:40
    Polygons (raw): 678 (flat)  678 (hierarchical)
    Elapsed: 0.010s  Memory: 554.00M
--- Running XOR for 7/0 ---
"input" in: xor.drc:38
    Polygons (raw): 0 (flat)  0 (hierarchical)
    Elapsed: 0.010s  Memory: 554.00M
"input" in: xor.drc:38
    Polygons (raw): 1494 (flat)  568 (hierarchical)
    Elapsed: 0.010s  Memory: 554.00M
"^" in: xor.drc:38
    Polygons (raw): 1494 (flat)  568 (hierarchical)
    Elapsed: 0.010s  Memory: 554.00M
XOR differences: 1494
"output" in: xor.drc:40
    Polygons (raw): 1494 (flat)  568 (hierarchical)
    Elapsed: 0.010s  Memory: 554.00M
--- Running XOR for 7/1 ---
"input" in: xor.drc:38
    Polygons (raw): 0 (flat)  0 (hierarchical)
    Elapsed: 0.010s  Memory: 554.00M
"input" in: xor.drc:38
    Polygons (raw): 0 (flat)  0 (hierarchical)
    Elapsed: 0.010s  Memory: 554.00M
"^" in: xor.drc:38
    Polygons (raw): 0 (flat)  0 (hierarchical)
    Elapsed: 0.020s  Memory: 554.00M
XOR differences: 0
"output" in: xor.drc:40
    Polygons (raw): 0 (flat)  0 (hierarchical)
    Elapsed: 0.010s  Memory: 554.00M
--- Running XOR for 7/2 ---
"input" in: xor.drc:38
    Polygons (raw): 0 (flat)  0 (hierarchical)
    Elapsed: 0.010s  Memory: 554.00M
"input" in: xor.drc:38
    Polygons (raw): 16 (flat)  16 (hierarchical)
    Elapsed: 0.010s  Memory: 554.00M
"^" in: xor.drc:38
    Polygons (raw): 16 (flat)  16 (hierarchical)
    Elapsed: 0.010s  Memory: 554.00M
XOR differences: 16
"output" in: xor.drc:40
    Polygons (raw): 16 (flat)  16 (hierarchical)
    Elapsed: 0.010s  Memory: 554.00M
--- Running XOR for 70/16 ---
"input" in: xor.drc:38
    Polygons (raw): 15 (flat)  15 (hierarchical)
    Elapsed: 0.010s  Memory: 554.00M
"input" in: xor.drc:38
    Polygons (raw): 0 (flat)  0 (hierarchical)
    Elapsed: 0.020s  Memory: 554.00M
"^" in: xor.drc:38
    Polygons (raw): 15 (flat)  15 (hierarchical)
    Elapsed: 0.010s  Memory: 554.00M
XOR differences: 15
"output" in: xor.drc:40
    Polygons (raw): 15 (flat)  15 (hierarchical)
    Elapsed: 0.010s  Memory: 554.00M
--- Running XOR for 70/20 ---
"input" in: xor.drc:38
    Polygons (raw): 207 (flat)  207 (hierarchical)
    Elapsed: 0.010s  Memory: 554.00M
"input" in: xor.drc:38
    Polygons (raw): 0 (flat)  0 (hierarchical)
    Elapsed: 0.010s  Memory: 554.00M
"^" in: xor.drc:38
    Polygons (raw): 207 (flat)  207 (hierarchical)
    Elapsed: 0.010s  Memory: 554.00M
XOR differences: 207
"output" in: xor.drc:40
    Polygons (raw): 207 (flat)  207 (hierarchical)
    Elapsed: 0.010s  Memory: 554.00M
--- Running XOR for 70/44 ---
"input" in: xor.drc:38
    Polygons (raw): 672 (flat)  672 (hierarchical)
    Elapsed: 0.010s  Memory: 554.00M
"input" in: xor.drc:38
    Polygons (raw): 0 (flat)  0 (hierarchical)
    Elapsed: 0.010s  Memory: 554.00M
"^" in: xor.drc:38
    Polygons (raw): 672 (flat)  672 (hierarchical)
    Elapsed: 0.010s  Memory: 554.00M
XOR differences: 672
"output" in: xor.drc:40
    Polygons (raw): 672 (flat)  672 (hierarchical)
    Elapsed: 0.010s  Memory: 554.00M
--- Running XOR for 71/16 ---
"input" in: xor.drc:38
    Polygons (raw): 8 (flat)  8 (hierarchical)
    Elapsed: 0.010s  Memory: 554.00M
"input" in: xor.drc:38
    Polygons (raw): 0 (flat)  0 (hierarchical)
    Elapsed: 0.010s  Memory: 554.00M
"^" in: xor.drc:38
    Polygons (raw): 8 (flat)  8 (hierarchical)
    Elapsed: 0.020s  Memory: 554.00M
XOR differences: 8
"output" in: xor.drc:40
    Polygons (raw): 8 (flat)  8 (hierarchical)
    Elapsed: 0.010s  Memory: 554.00M
--- Running XOR for 71/20 ---
"input" in: xor.drc:38
    Polygons (raw): 8 (flat)  8 (hierarchical)
    Elapsed: 0.010s  Memory: 554.00M
"input" in: xor.drc:38
    Polygons (raw): 0 (flat)  0 (hierarchical)
    Elapsed: 0.010s  Memory: 554.00M
"^" in: xor.drc:38
    Polygons (raw): 8 (flat)  8 (hierarchical)
    Elapsed: 0.010s  Memory: 554.00M
XOR differences: 8
"output" in: xor.drc:40
    Polygons (raw): 8 (flat)  8 (hierarchical)
    Elapsed: 0.010s  Memory: 554.00M
--- Running XOR for 71/44 ---
"input" in: xor.drc:38
    Polygons (raw): 32 (flat)  32 (hierarchical)
    Elapsed: 0.010s  Memory: 554.00M
"input" in: xor.drc:38
    Polygons (raw): 0 (flat)  0 (hierarchical)
    Elapsed: 0.020s  Memory: 554.00M
"^" in: xor.drc:38
    Polygons (raw): 32 (flat)  32 (hierarchical)
    Elapsed: 0.010s  Memory: 554.00M
XOR differences: 32
"output" in: xor.drc:40
    Polygons (raw): 32 (flat)  32 (hierarchical)
    Elapsed: 0.010s  Memory: 554.00M
--- Running XOR for 72/16 ---
"input" in: xor.drc:38
    Polygons (raw): 8 (flat)  8 (hierarchical)
    Elapsed: 0.010s  Memory: 554.00M
"input" in: xor.drc:38
    Polygons (raw): 0 (flat)  0 (hierarchical)
    Elapsed: 0.010s  Memory: 554.00M
"^" in: xor.drc:38
    Polygons (raw): 8 (flat)  8 (hierarchical)
    Elapsed: 0.010s  Memory: 554.00M
XOR differences: 8
"output" in: xor.drc:40
    Polygons (raw): 8 (flat)  8 (hierarchical)
    Elapsed: 0.010s  Memory: 554.00M
--- Running XOR for 72/20 ---
"input" in: xor.drc:38
    Polygons (raw): 8 (flat)  8 (hierarchical)
    Elapsed: 0.020s  Memory: 554.00M
"input" in: xor.drc:38
    Polygons (raw): 0 (flat)  0 (hierarchical)
    Elapsed: 0.010s  Memory: 554.00M
"^" in: xor.drc:38
    Polygons (raw): 8 (flat)  8 (hierarchical)
    Elapsed: 0.010s  Memory: 554.00M
XOR differences: 8
"output" in: xor.drc:40
    Polygons (raw): 8 (flat)  8 (hierarchical)
    Elapsed: 0.010s  Memory: 554.00M
--- Running XOR for 78/44 ---
"input" in: xor.drc:38
    Polygons (raw): 1484 (flat)  54 (hierarchical)
    Elapsed: 0.010s  Memory: 554.00M
"input" in: xor.drc:38
    Polygons (raw): 1484 (flat)  54 (hierarchical)
    Elapsed: 0.010s  Memory: 554.00M
"^" in: xor.drc:38
    Polygons (raw): 0 (flat)  0 (hierarchical)
    Elapsed: 0.020s  Memory: 554.00M
XOR differences: 0
"output" in: xor.drc:40
    Polygons (raw): 0 (flat)  0 (hierarchical)
    Elapsed: 0.010s  Memory: 554.00M
--- Running XOR for 8/0 ---
"input" in: xor.drc:38
    Polygons (raw): 0 (flat)  0 (hierarchical)
    Elapsed: 0.010s  Memory: 554.00M
"input" in: xor.drc:38
    Polygons (raw): 678 (flat)  5 (hierarchical)
    Elapsed: 0.020s  Memory: 554.00M
"^" in: xor.drc:38
    Polygons (raw): 678 (flat)  5 (hierarchical)
    Elapsed: 0.010s  Memory: 554.00M
XOR differences: 678
"output" in: xor.drc:40
    Polygons (raw): 678 (flat)  5 (hierarchical)
    Elapsed: 0.010s  Memory: 554.00M
--- Running XOR for 81/4 ---
"input" in: xor.drc:38
    Polygons (raw): 1473 (flat)  48 (hierarchical)
    Elapsed: 0.010s  Memory: 554.00M
"input" in: xor.drc:38
    Polygons (raw): 1473 (flat)  48 (hierarchical)
    Elapsed: 0.010s  Memory: 554.00M
"^" in: xor.drc:38
    Polygons (raw): 0 (flat)  0 (hierarchical)
    Elapsed: 0.020s  Memory: 554.00M
XOR differences: 0
"output" in: xor.drc:40
    Polygons (raw): 0 (flat)  0 (hierarchical)
    Elapsed: 0.010s  Memory: 554.00M
--- Running XOR for 83/44 ---
"input" in: xor.drc:38
    Polygons (raw): 0 (flat)  0 (hierarchical)
    Elapsed: 0.010s  Memory: 554.00M
"input" in: xor.drc:38
    Polygons (raw): 0 (flat)  0 (hierarchical)
    Elapsed: 0.020s  Memory: 554.00M
"^" in: xor.drc:38
    Polygons (raw): 0 (flat)  0 (hierarchical)
    Elapsed: 0.010s  Memory: 554.00M
XOR differences: 0
"output" in: xor.drc:40
    Polygons (raw): 0 (flat)  0 (hierarchical)
    Elapsed: 0.010s  Memory: 554.00M
--- Running XOR for 9/0 ---
"input" in: xor.drc:38
    Polygons (raw): 0 (flat)  0 (hierarchical)
    Elapsed: 0.010s  Memory: 554.00M
"input" in: xor.drc:38
    Polygons (raw): 516 (flat)  177 (hierarchical)
    Elapsed: 0.010s  Memory: 554.00M
"^" in: xor.drc:38
    Polygons (raw): 516 (flat)  177 (hierarchical)
    Elapsed: 0.020s  Memory: 554.00M
XOR differences: 516
"output" in: xor.drc:40
    Polygons (raw): 516 (flat)  177 (hierarchical)
    Elapsed: 0.000s  Memory: 554.00M
--- Running XOR for 9/1 ---
"input" in: xor.drc:38
    Polygons (raw): 0 (flat)  0 (hierarchical)
    Elapsed: 0.010s  Memory: 554.00M
"input" in: xor.drc:38
    Polygons (raw): 0 (flat)  0 (hierarchical)
    Elapsed: 0.020s  Memory: 554.00M
"^" in: xor.drc:38
    Polygons (raw): 0 (flat)  0 (hierarchical)
    Elapsed: 0.010s  Memory: 554.00M
XOR differences: 0
"output" in: xor.drc:40
    Polygons (raw): 0 (flat)  0 (hierarchical)
    Elapsed: 0.010s  Memory: 554.00M
--- Running XOR for 9/2 ---
"input" in: xor.drc:38
    Polygons (raw): 0 (flat)  0 (hierarchical)
    Elapsed: 0.010s  Memory: 554.00M
"input" in: xor.drc:38
    Polygons (raw): 15 (flat)  15 (hierarchical)
    Elapsed: 0.010s  Memory: 554.00M
"^" in: xor.drc:38
    Polygons (raw): 15 (flat)  15 (hierarchical)
    Elapsed: 0.010s  Memory: 554.00M
XOR differences: 15
"output" in: xor.drc:40
    Polygons (raw): 15 (flat)  15 (hierarchical)
    Elapsed: 0.020s  Memory: 554.00M
--- Running XOR for 93/44 ---
"input" in: xor.drc:38
    Polygons (raw): 1645 (flat)  49 (hierarchical)
    Elapsed: 0.010s  Memory: 554.00M
"input" in: xor.drc:38
    Polygons (raw): 1645 (flat)  49 (hierarchical)
    Elapsed: 0.010s  Memory: 554.00M
"^" in: xor.drc:38
    Polygons (raw): 0 (flat)  0 (hierarchical)
    Elapsed: 0.020s  Memory: 554.00M
XOR differences: 0
"output" in: xor.drc:40
    Polygons (raw): 0 (flat)  0 (hierarchical)
    Elapsed: 0.010s  Memory: 554.00M
--- Running XOR for 94/20 ---
"input" in: xor.drc:38
    Polygons (raw): 1645 (flat)  49 (hierarchical)
    Elapsed: 0.010s  Memory: 554.00M
"input" in: xor.drc:38
    Polygons (raw): 1645 (flat)  49 (hierarchical)
    Elapsed: 0.010s  Memory: 554.00M
"^" in: xor.drc:38
    Polygons (raw): 0 (flat)  0 (hierarchical)
    Elapsed: 0.030s  Memory: 554.00M
XOR differences: 0
"output" in: xor.drc:40
    Polygons (raw): 0 (flat)  0 (hierarchical)
    Elapsed: 0.010s  Memory: 554.00M
--- Running XOR for 95/20 ---
"input" in: xor.drc:38
    Polygons (raw): 1114 (flat)  53 (hierarchical)
    Elapsed: 0.010s  Memory: 554.00M
"input" in: xor.drc:38
    Polygons (raw): 1114 (flat)  53 (hierarchical)
    Elapsed: 0.010s  Memory: 554.00M
"^" in: xor.drc:38
    Polygons (raw): 0 (flat)  0 (hierarchical)
    Elapsed: 0.020s  Memory: 554.00M
XOR differences: 0
"output" in: xor.drc:40
    Polygons (raw): 0 (flat)  0 (hierarchical)
    Elapsed: 0.010s  Memory: 554.00M
Writing report database: /home/farag/open_design_environment/tools/OpenLane-2022.09.08/designs/DSM/runs/RUN_2022.10.02_17.39.07/reports/signoff/DSM.xor.xml ..
Total elapsed: 2.990s  Memory: 554.00M
