make --dry-run --always-make --keep-going --print-directory
make: Entering directory '/home/farag/Intern2022/PLL_design'
export CARAVEL_ROOT=/home/farag/Intern2022/PLL_design/caravel && make -f /home/farag/Intern2022/PLL_design/caravel/Makefile Makefile
make[1]: Entering directory '/home/farag/Intern2022/PLL_design'
make[1]: Nothing to be done for 'Makefile'.
make[1]: Leaving directory '/home/farag/Intern2022/PLL_design'
cd ./verilog/dv/ && \
export SIM=RTL && \
	make -j
make[1]: Entering directory '/home/farag/Intern2022/PLL_design/verilog/dv'
for i in mprj_por; do \
	( cd $i && make -f Makefile ${i}.vcd &> verify.log && grep Monitor verify.log) ; \
done
make[1]: Leaving directory '/home/farag/Intern2022/PLL_design/verilog/dv'
make: Leaving directory '/home/farag/Intern2022/PLL_design'
 
make[1]: /home/farag/Intern2022/PLL_design/caravel/Makefile: No such file or directory
make[1]: *** No rule to make target '/home/farag/Intern2022/PLL_design/caravel/Makefile'.
make[1]: Failed to remake makefile '/home/farag/Intern2022/PLL_design/caravel/Makefile'.
make: *** [Makefile:42: Makefile] Error 2
make: Failed to remake makefile 'Makefile'.

