
===========================================================================
report_checks -path_delay min (Hold)
============================================================================
Startpoint: _250_ (rising edge-triggered flip-flop)
Endpoint: Out_Data[3] (output port clocked by clk)
Path Group: clk
Path Type: min

Fanout     Cap    Slew   Delay    Time   Description
-----------------------------------------------------------------------------
                  0.18    0.00    0.00 ^ _250_/CLK (sky130_fd_sc_hd__dfrtp_1)
                  0.10    0.39    0.39 ^ _250_/Q (sky130_fd_sc_hd__dfrtp_1)
     2    0.01                           u5.Data3[2] (net)
                  0.10    0.00    0.39 ^ _241_/A (sky130_fd_sc_hd__nand2_1)
                  0.06    0.07    0.46 v _241_/Y (sky130_fd_sc_hd__nand2_1)
     2    0.01                           _069_ (net)
                  0.06    0.00    0.46 v _243_/B1 (sky130_fd_sc_hd__o211a_1)
                  0.04    0.12    0.59 v _243_/X (sky130_fd_sc_hd__o211a_1)
     1    0.00                           net13 (net)
                  0.04    0.00    0.59 v output13/A (sky130_fd_sc_hd__buf_2)
                  0.09    0.17    0.76 v output13/X (sky130_fd_sc_hd__buf_2)
     1    0.03                           Out_Data[3] (net)
                  0.09    0.00    0.76 v Out_Data[3] (out)
                                  0.76   data arrival time

                  0.00    0.00    0.00   clock clk (rise edge)
                          0.00    0.00   clock network delay (ideal)
                          0.25    0.25   clock uncertainty
                          0.00    0.25   clock reconvergence pessimism
                        -20.00  -19.75   output external delay
                                -19.75   data required time
-----------------------------------------------------------------------------
                                -19.75   data required time
                                 -0.76   data arrival time
-----------------------------------------------------------------------------
                                 20.51   slack (MET)


Startpoint: _250_ (rising edge-triggered flip-flop)
Endpoint: Out_Data[4] (output port clocked by clk)
Path Group: clk
Path Type: min

Fanout     Cap    Slew   Delay    Time   Description
-----------------------------------------------------------------------------
                  0.18    0.00    0.00 ^ _250_/CLK (sky130_fd_sc_hd__dfrtp_1)
                  0.10    0.39    0.39 ^ _250_/Q (sky130_fd_sc_hd__dfrtp_1)
     2    0.01                           u5.Data3[2] (net)
                  0.10    0.00    0.39 ^ _241_/A (sky130_fd_sc_hd__nand2_1)
                  0.06    0.07    0.46 v _241_/Y (sky130_fd_sc_hd__nand2_1)
     2    0.01                           _069_ (net)
                  0.06    0.00    0.46 v _244_/B1 (sky130_fd_sc_hd__o211a_1)
                  0.04    0.13    0.59 v _244_/X (sky130_fd_sc_hd__o211a_1)
     1    0.00                           net14 (net)
                  0.04    0.00    0.59 v output14/A (sky130_fd_sc_hd__buf_2)
                  0.09    0.17    0.76 v output14/X (sky130_fd_sc_hd__buf_2)
     1    0.03                           Out_Data[4] (net)
                  0.09    0.00    0.76 v Out_Data[4] (out)
                                  0.76   data arrival time

                  0.00    0.00    0.00   clock clk (rise edge)
                          0.00    0.00   clock network delay (ideal)
                          0.25    0.25   clock uncertainty
                          0.00    0.25   clock reconvergence pessimism
                        -20.00  -19.75   output external delay
                                -19.75   data required time
-----------------------------------------------------------------------------
                                -19.75   data required time
                                 -0.76   data arrival time
-----------------------------------------------------------------------------
                                 20.51   slack (MET)


Startpoint: _248_ (rising edge-triggered flip-flop)
Endpoint: Out_Data[1] (output port clocked by clk)
Path Group: clk
Path Type: min

Fanout     Cap    Slew   Delay    Time   Description
-----------------------------------------------------------------------------
                  0.18    0.00    0.00 ^ _248_/CLK (sky130_fd_sc_hd__dfrtp_2)
                  0.13    0.44    0.44 ^ _248_/Q (sky130_fd_sc_hd__dfrtp_2)
     4    0.02                           u5.Data3[0] (net)
                  0.13    0.00    0.44 ^ _226_/A (sky130_fd_sc_hd__xnor2_2)
                  0.08    0.11    0.55 v _226_/Y (sky130_fd_sc_hd__xnor2_2)
     3    0.01                           _056_ (net)
                  0.08    0.00    0.55 v _227_/B (sky130_fd_sc_hd__nand2_1)
                  0.08    0.10    0.65 ^ _227_/Y (sky130_fd_sc_hd__nand2_1)
     2    0.01                           _057_ (net)
                  0.08    0.00    0.65 ^ _233_/A (sky130_fd_sc_hd__xnor2_1)
                  0.05    0.08    0.74 v _233_/Y (sky130_fd_sc_hd__xnor2_1)
     1    0.01                           net11 (net)
                  0.05    0.00    0.74 v output11/A (sky130_fd_sc_hd__buf_2)
                  0.09    0.18    0.91 v output11/X (sky130_fd_sc_hd__buf_2)
     1    0.03                           Out_Data[1] (net)
                  0.09    0.00    0.91 v Out_Data[1] (out)
                                  0.91   data arrival time

                  0.00    0.00    0.00   clock clk (rise edge)
                          0.00    0.00   clock network delay (ideal)
                          0.25    0.25   clock uncertainty
                          0.00    0.25   clock reconvergence pessimism
                        -20.00  -19.75   output external delay
                                -19.75   data required time
-----------------------------------------------------------------------------
                                -19.75   data required time
                                 -0.91   data arrival time
-----------------------------------------------------------------------------
                                 20.66   slack (MET)


Startpoint: _248_ (rising edge-triggered flip-flop)
Endpoint: Out_Data[2] (output port clocked by clk)
Path Group: clk
Path Type: min

Fanout     Cap    Slew   Delay    Time   Description
-----------------------------------------------------------------------------
                  0.18    0.00    0.00 ^ _248_/CLK (sky130_fd_sc_hd__dfrtp_2)
                  0.08    0.46    0.46 v _248_/Q (sky130_fd_sc_hd__dfrtp_2)
     4    0.02                           u5.Data3[0] (net)
                  0.08    0.00    0.46 v _238_/B1 (sky130_fd_sc_hd__o211ai_2)
                  0.08    0.10    0.56 ^ _238_/Y (sky130_fd_sc_hd__o211ai_2)
     1    0.01                           _067_ (net)
                  0.08    0.00    0.56 ^ _239_/A3 (sky130_fd_sc_hd__a31oi_4)
                  0.08    0.11    0.67 v _239_/Y (sky130_fd_sc_hd__a31oi_4)
     3    0.02                           _068_ (net)
                  0.08    0.00    0.67 v _240_/B (sky130_fd_sc_hd__xnor2_2)
                  0.07    0.16    0.83 v _240_/Y (sky130_fd_sc_hd__xnor2_2)
     1    0.01                           net12 (net)
                  0.07    0.00    0.84 v output12/A (sky130_fd_sc_hd__buf_2)
                  0.09    0.19    1.02 v output12/X (sky130_fd_sc_hd__buf_2)
     1    0.03                           Out_Data[2] (net)
                  0.09    0.00    1.02 v Out_Data[2] (out)
                                  1.02   data arrival time

                  0.00    0.00    0.00   clock clk (rise edge)
                          0.00    0.00   clock network delay (ideal)
                          0.25    0.25   clock uncertainty
                          0.00    0.25   clock reconvergence pessimism
                        -20.00  -19.75   output external delay
                                -19.75   data required time
-----------------------------------------------------------------------------
                                -19.75   data required time
                                 -1.02   data arrival time
-----------------------------------------------------------------------------
                                 20.77   slack (MET)


Startpoint: _248_ (rising edge-triggered flip-flop)
Endpoint: Out_Data[0] (output port clocked by clk)
Path Group: clk
Path Type: min

Fanout     Cap    Slew   Delay    Time   Description
-----------------------------------------------------------------------------
                  0.18    0.00    0.00 ^ _248_/CLK (sky130_fd_sc_hd__dfrtp_2)
                  0.13    0.44    0.44 ^ _248_/Q (sky130_fd_sc_hd__dfrtp_2)
     4    0.02                           u5.Data3[0] (net)
                  0.13    0.00    0.44 ^ _226_/A (sky130_fd_sc_hd__xnor2_2)
                  0.08    0.11    0.55 v _226_/Y (sky130_fd_sc_hd__xnor2_2)
     3    0.01                           _056_ (net)
                  0.08    0.00    0.55 v _227_/B (sky130_fd_sc_hd__nand2_1)
                  0.08    0.10    0.65 ^ _227_/Y (sky130_fd_sc_hd__nand2_1)
     2    0.01                           _057_ (net)
                  0.08    0.00    0.65 ^ _246_/A (sky130_fd_sc_hd__and2_1)
                  0.05    0.12    0.77 ^ _246_/X (sky130_fd_sc_hd__and2_1)
     1    0.00                           _072_ (net)
                  0.05    0.00    0.77 ^ _247_/A (sky130_fd_sc_hd__clkbuf_1)
                  0.05    0.08    0.85 ^ _247_/X (sky130_fd_sc_hd__clkbuf_1)
     1    0.00                           net10 (net)
                  0.05    0.00    0.85 ^ output10/A (sky130_fd_sc_hd__buf_2)
                  0.18    0.19    1.04 ^ output10/X (sky130_fd_sc_hd__buf_2)
     1    0.03                           Out_Data[0] (net)
                  0.18    0.00    1.04 ^ Out_Data[0] (out)
                                  1.04   data arrival time

                  0.00    0.00    0.00   clock clk (rise edge)
                          0.00    0.00   clock network delay (ideal)
                          0.25    0.25   clock uncertainty
                          0.00    0.25   clock reconvergence pessimism
                        -20.00  -19.75   output external delay
                                -19.75   data required time
-----------------------------------------------------------------------------
                                -19.75   data required time
                                 -1.04   data arrival time
-----------------------------------------------------------------------------
                                 20.79   slack (MET)


